<?xml version="1.0" encoding="UTF-8"?>
<testsuite xmlns:xsi="http://www.w3.org/2001/XMLSchema-instance" xsi:noNamespaceSchemaLocation="https://maven.apache.org/surefire/maven-surefire-plugin/xsd/surefire-test-report-3.0.xsd" version="3.0" name="TestSuite" time="156.685" tests="7" errors="0" skipped="0" failures="0">
  <properties>
    <property name="sun.desktop" value="windows"/>
    <property name="awt.toolkit" value="sun.awt.windows.WToolkit"/>
    <property name="file.encoding.pkg" value="sun.io"/>
    <property name="java.specification.version" value="1.8"/>
    <property name="webdriver.chrome.driver" value="C:/Drivers/chromedriver_win32/chromedriver.exe"/>
    <property name="sun.cpu.isalist" value="amd64"/>
    <property name="sun.jnu.encoding" value="Cp1252"/>
    <property name="java.class.path" value="C:\Users\huong.tran\eclipse-workspace\GWESTY\target\test-classes;C:\Users\huong.tran\eclipse-workspace\GWESTY\target\classes;C:\Users\huong.tran\.m2\repository\io\cucumber\cucumber-java\1.2.6\cucumber-java-1.2.6.jar;C:\Users\huong.tran\.m2\repository\io\cucumber\cucumber-core\1.2.6\cucumber-core-1.2.6.jar;C:\Users\huong.tran\.m2\repository\info\cukes\cucumber-html\0.2.3\cucumber-html-0.2.3.jar;C:\Users\huong.tran\.m2\repository\info\cukes\cucumber-jvm-deps\1.0.5\cucumber-jvm-deps-1.0.5.jar;C:\Users\huong.tran\.m2\repository\info\cukes\gherkin\2.12.2\gherkin-2.12.2.jar;C:\Users\huong.tran\.m2\repository\io\cucumber\cucumber-testng\1.2.6\cucumber-testng-1.2.6.jar;C:\Users\huong.tran\.m2\repository\io\cucumber\gherkin\22.0.0\gherkin-22.0.0.jar;C:\Users\huong.tran\.m2\repository\io\cucumber\messages\17.1.1\messages-17.1.1.jar;C:\Users\huong.tran\.m2\repository\org\seleniumhq\selenium\selenium-java\4.2.1\selenium-java-4.2.1.jar;C:\Users\huong.tran\.m2\repository\org\seleniumhq\selenium\selenium-api\4.2.1\selenium-api-4.2.1.jar;C:\Users\huong.tran\.m2\repository\org\seleniumhq\selenium\selenium-chrome-driver\4.2.1\selenium-chrome-driver-4.2.1.jar;C:\Users\huong.tran\.m2\repository\com\google\auto\service\auto-service-annotations\1.0.1\auto-service-annotations-1.0.1.jar;C:\Users\huong.tran\.m2\repository\com\google\auto\service\auto-service\1.0.1\auto-service-1.0.1.jar;C:\Users\huong.tran\.m2\repository\com\google\auto\auto-common\1.2\auto-common-1.2.jar;C:\Users\huong.tran\.m2\repository\com\google\guava\guava\31.1-jre\guava-31.1-jre.jar;C:\Users\huong.tran\.m2\repository\com\google\guava\failureaccess\1.0.1\failureaccess-1.0.1.jar;C:\Users\huong.tran\.m2\repository\com\google\guava\listenablefuture\9999.0-empty-to-avoid-conflict-with-guava\listenablefuture-9999.0-empty-to-avoid-conflict-with-guava.jar;C:\Users\huong.tran\.m2\repository\org\checkerframework\checker-qual\3.12.0\checker-qual-3.12.0.jar;C:\Users\huong.tran\.m2\repository\com\google\errorprone\error_prone_annotations\2.11.0\error_prone_annotations-2.11.0.jar;C:\Users\huong.tran\.m2\repository\com\google\j2objc\j2objc-annotations\1.3\j2objc-annotations-1.3.jar;C:\Users\huong.tran\.m2\repository\org\seleniumhq\selenium\selenium-chromium-driver\4.2.1\selenium-chromium-driver-4.2.1.jar;C:\Users\huong.tran\.m2\repository\org\seleniumhq\selenium\selenium-json\4.2.1\selenium-json-4.2.1.jar;C:\Users\huong.tran\.m2\repository\org\seleniumhq\selenium\selenium-devtools-v100\4.2.1\selenium-devtools-v100-4.2.1.jar;C:\Users\huong.tran\.m2\repository\org\seleniumhq\selenium\selenium-devtools-v101\4.2.1\selenium-devtools-v101-4.2.1.jar;C:\Users\huong.tran\.m2\repository\org\seleniumhq\selenium\selenium-devtools-v102\4.2.1\selenium-devtools-v102-4.2.1.jar;C:\Users\huong.tran\.m2\repository\org\seleniumhq\selenium\selenium-devtools-v85\4.2.1\selenium-devtools-v85-4.2.1.jar;C:\Users\huong.tran\.m2\repository\org\seleniumhq\selenium\selenium-edge-driver\4.2.1\selenium-edge-driver-4.2.1.jar;C:\Users\huong.tran\.m2\repository\org\seleniumhq\selenium\selenium-firefox-driver\4.2.1\selenium-firefox-driver-4.2.1.jar;C:\Users\huong.tran\.m2\repository\org\seleniumhq\selenium\selenium-ie-driver\4.2.1\selenium-ie-driver-4.2.1.jar;C:\Users\huong.tran\.m2\repository\org\seleniumhq\selenium\selenium-opera-driver\4.2.1\selenium-opera-driver-4.2.1.jar;C:\Users\huong.tran\.m2\repository\org\seleniumhq\selenium\selenium-remote-driver\4.2.1\selenium-remote-driver-4.2.1.jar;C:\Users\huong.tran\.m2\repository\io\netty\netty-buffer\4.1.77.Final\netty-buffer-4.1.77.Final.jar;C:\Users\huong.tran\.m2\repository\io\netty\netty-codec-http\4.1.77.Final\netty-codec-http-4.1.77.Final.jar;C:\Users\huong.tran\.m2\repository\io\netty\netty-codec\4.1.77.Final\netty-codec-4.1.77.Final.jar;C:\Users\huong.tran\.m2\repository\io\netty\netty-handler\4.1.77.Final\netty-handler-4.1.77.Final.jar;C:\Users\huong.tran\.m2\repository\io\netty\netty-common\4.1.77.Final\netty-common-4.1.77.Final.jar;C:\Users\huong.tran\.m2\repository\io\netty\netty-transport-classes-epoll\4.1.77.Final\netty-transport-classes-epoll-4.1.77.Final.jar;C:\Users\huong.tran\.m2\repository\io\netty\netty-transport-classes-kqueue\4.1.77.Final\netty-transport-classes-kqueue-4.1.77.Final.jar;C:\Users\huong.tran\.m2\repository\io\netty\netty-transport-native-epoll\4.1.77.Final\netty-transport-native-epoll-4.1.77.Final.jar;C:\Users\huong.tran\.m2\repository\io\netty\netty-transport-native-kqueue\4.1.77.Final\netty-transport-native-kqueue-4.1.77.Final.jar;C:\Users\huong.tran\.m2\repository\io\netty\netty-transport-native-unix-common\4.1.77.Final\netty-transport-native-unix-common-4.1.77.Final.jar;C:\Users\huong.tran\.m2\repository\io\netty\netty-transport\4.1.77.Final\netty-transport-4.1.77.Final.jar;C:\Users\huong.tran\.m2\repository\io\netty\netty-resolver\4.1.77.Final\netty-resolver-4.1.77.Final.jar;C:\Users\huong.tran\.m2\repository\io\opentelemetry\opentelemetry-api\1.14.0\opentelemetry-api-1.14.0.jar;C:\Users\huong.tran\.m2\repository\io\opentelemetry\opentelemetry-context\1.14.0\opentelemetry-context-1.14.0.jar;C:\Users\huong.tran\.m2\repository\io\opentelemetry\opentelemetry-exporter-logging\1.14.0\opentelemetry-exporter-logging-1.14.0.jar;C:\Users\huong.tran\.m2\repository\io\opentelemetry\opentelemetry-sdk-metrics\1.14.0\opentelemetry-sdk-metrics-1.14.0.jar;C:\Users\huong.tran\.m2\repository\io\opentelemetry\opentelemetry-sdk-logs\1.14.0-alpha\opentelemetry-sdk-logs-1.14.0-alpha.jar;C:\Users\huong.tran\.m2\repository\io\opentelemetry\opentelemetry-sdk-common\1.14.0\opentelemetry-sdk-common-1.14.0.jar;C:\Users\huong.tran\.m2\repository\io\opentelemetry\opentelemetry-sdk-extension-autoconfigure-spi\1.14.0\opentelemetry-sdk-extension-autoconfigure-spi-1.14.0.jar;C:\Users\huong.tran\.m2\repository\io\opentelemetry\opentelemetry-sdk-extension-autoconfigure\1.14.0-alpha\opentelemetry-sdk-extension-autoconfigure-1.14.0-alpha.jar;C:\Users\huong.tran\.m2\repository\io\opentelemetry\opentelemetry-sdk-trace\1.14.0\opentelemetry-sdk-trace-1.14.0.jar;C:\Users\huong.tran\.m2\repository\io\opentelemetry\opentelemetry-sdk\1.14.0\opentelemetry-sdk-1.14.0.jar;C:\Users\huong.tran\.m2\repository\io\opentelemetry\opentelemetry-semconv\1.14.0-alpha\opentelemetry-semconv-1.14.0-alpha.jar;C:\Users\huong.tran\.m2\repository\io\ous\jtoml\2.0.0\jtoml-2.0.0.jar;C:\Users\huong.tran\.m2\repository\net\bytebuddy\byte-buddy\1.12.10\byte-buddy-1.12.10.jar;C:\Users\huong.tran\.m2\repository\org\apache\commons\commons-exec\1.3\commons-exec-1.3.jar;C:\Users\huong.tran\.m2\repository\org\asynchttpclient\async-http-client\2.12.3\async-http-client-2.12.3.jar;C:\Users\huong.tran\.m2\repository\org\asynchttpclient\async-http-client-netty-utils\2.12.3\async-http-client-netty-utils-2.12.3.jar;C:\Users\huong.tran\.m2\repository\io\netty\netty-codec-socks\4.1.60.Final\netty-codec-socks-4.1.60.Final.jar;C:\Users\huong.tran\.m2\repository\io\netty\netty-handler-proxy\4.1.60.Final\netty-handler-proxy-4.1.60.Final.jar;C:\Users\huong.tran\.m2\repository\io\netty\netty-transport-native-epoll\4.1.60.Final\netty-transport-native-epoll-4.1.60.Final-linux-x86_64.jar;C:\Users\huong.tran\.m2\repository\io\netty\netty-transport-native-kqueue\4.1.60.Final\netty-transport-native-kqueue-4.1.60.Final-osx-x86_64.jar;C:\Users\huong.tran\.m2\repository\org\reactivestreams\reactive-streams\1.0.3\reactive-streams-1.0.3.jar;C:\Users\huong.tran\.m2\repository\com\typesafe\netty\netty-reactive-streams\2.0.4\netty-reactive-streams-2.0.4.jar;C:\Users\huong.tran\.m2\repository\com\sun\activation\jakarta.activation\1.2.2\jakarta.activation-1.2.2.jar;C:\Users\huong.tran\.m2\repository\org\seleniumhq\selenium\selenium-http\4.2.1\selenium-http-4.2.1.jar;C:\Users\huong.tran\.m2\repository\dev\failsafe\failsafe\3.2.4\failsafe-3.2.4.jar;C:\Users\huong.tran\.m2\repository\org\seleniumhq\selenium\selenium-safari-driver\4.2.1\selenium-safari-driver-4.2.1.jar;C:\Users\huong.tran\.m2\repository\org\seleniumhq\selenium\selenium-support\4.2.1\selenium-support-4.2.1.jar;C:\Users\huong.tran\.m2\repository\log4j\log4j\1.2.17\log4j-1.2.17.jar;C:\Users\huong.tran\.m2\repository\org\testng\testng\7.5\testng-7.5.jar;C:\Users\huong.tran\.m2\repository\com\google\code\findbugs\jsr305\3.0.1\jsr305-3.0.1.jar;C:\Users\huong.tran\.m2\repository\org\slf4j\slf4j-api\1.7.32\slf4j-api-1.7.32.jar;C:\Users\huong.tran\.m2\repository\com\beust\jcommander\1.78\jcommander-1.78.jar;C:\Users\huong.tran\.m2\repository\org\webjars\jquery\3.5.1\jquery-3.5.1.jar;"/>
    <property name="java.vm.vendor" value="Oracle Corporation"/>
    <property name="sun.arch.data.model" value="64"/>
    <property name="user.variant" value=""/>
    <property name="java.vendor.url" value="http://java.oracle.com/"/>
    <property name="user.timezone" value="Asia/Bangkok"/>
    <property name="java.vm.specification.version" value="1.8"/>
    <property name="os.name" value="Windows 10"/>
    <property name="user.country" value="US"/>
    <property name="sun.java.launcher" value="SUN_STANDARD"/>
    <property name="sun.boot.library.path" value="C:\Program Files\Java\jdk1.8.0_331\jre\bin"/>
    <property name="sun.java.command" value="C:\Users\huong.tran\AppData\Local\Temp\surefire7664056215931993787\surefirebooter8766914882038515870.jar C:\Users\huong.tran\AppData\Local\Temp\surefire7664056215931993787 2022-07-19T14-43-11_447-jvmRun1 surefire3486840241811776498tmp surefire_08146411801189451547tmp"/>
    <property name="surefire.test.class.path" value="C:\Users\huong.tran\eclipse-workspace\GWESTY\target\test-classes;C:\Users\huong.tran\eclipse-workspace\GWESTY\target\classes;C:\Users\huong.tran\.m2\repository\io\cucumber\cucumber-java\1.2.6\cucumber-java-1.2.6.jar;C:\Users\huong.tran\.m2\repository\io\cucumber\cucumber-core\1.2.6\cucumber-core-1.2.6.jar;C:\Users\huong.tran\.m2\repository\info\cukes\cucumber-html\0.2.3\cucumber-html-0.2.3.jar;C:\Users\huong.tran\.m2\repository\info\cukes\cucumber-jvm-deps\1.0.5\cucumber-jvm-deps-1.0.5.jar;C:\Users\huong.tran\.m2\repository\info\cukes\gherkin\2.12.2\gherkin-2.12.2.jar;C:\Users\huong.tran\.m2\repository\io\cucumber\cucumber-testng\1.2.6\cucumber-testng-1.2.6.jar;C:\Users\huong.tran\.m2\repository\io\cucumber\gherkin\22.0.0\gherkin-22.0.0.jar;C:\Users\huong.tran\.m2\repository\io\cucumber\messages\17.1.1\messages-17.1.1.jar;C:\Users\huong.tran\.m2\repository\org\seleniumhq\selenium\selenium-java\4.2.1\selenium-java-4.2.1.jar;C:\Users\huong.tran\.m2\repository\org\seleniumhq\selenium\selenium-api\4.2.1\selenium-api-4.2.1.jar;C:\Users\huong.tran\.m2\repository\org\seleniumhq\selenium\selenium-chrome-driver\4.2.1\selenium-chrome-driver-4.2.1.jar;C:\Users\huong.tran\.m2\repository\com\google\auto\service\auto-service-annotations\1.0.1\auto-service-annotations-1.0.1.jar;C:\Users\huong.tran\.m2\repository\com\google\auto\service\auto-service\1.0.1\auto-service-1.0.1.jar;C:\Users\huong.tran\.m2\repository\com\google\auto\auto-common\1.2\auto-common-1.2.jar;C:\Users\huong.tran\.m2\repository\com\google\guava\guava\31.1-jre\guava-31.1-jre.jar;C:\Users\huong.tran\.m2\repository\com\google\guava\failureaccess\1.0.1\failureaccess-1.0.1.jar;C:\Users\huong.tran\.m2\repository\com\google\guava\listenablefuture\9999.0-empty-to-avoid-conflict-with-guava\listenablefuture-9999.0-empty-to-avoid-conflict-with-guava.jar;C:\Users\huong.tran\.m2\repository\org\checkerframework\checker-qual\3.12.0\checker-qual-3.12.0.jar;C:\Users\huong.tran\.m2\repository\com\google\errorprone\error_prone_annotations\2.11.0\error_prone_annotations-2.11.0.jar;C:\Users\huong.tran\.m2\repository\com\google\j2objc\j2objc-annotations\1.3\j2objc-annotations-1.3.jar;C:\Users\huong.tran\.m2\repository\org\seleniumhq\selenium\selenium-chromium-driver\4.2.1\selenium-chromium-driver-4.2.1.jar;C:\Users\huong.tran\.m2\repository\org\seleniumhq\selenium\selenium-json\4.2.1\selenium-json-4.2.1.jar;C:\Users\huong.tran\.m2\repository\org\seleniumhq\selenium\selenium-devtools-v100\4.2.1\selenium-devtools-v100-4.2.1.jar;C:\Users\huong.tran\.m2\repository\org\seleniumhq\selenium\selenium-devtools-v101\4.2.1\selenium-devtools-v101-4.2.1.jar;C:\Users\huong.tran\.m2\repository\org\seleniumhq\selenium\selenium-devtools-v102\4.2.1\selenium-devtools-v102-4.2.1.jar;C:\Users\huong.tran\.m2\repository\org\seleniumhq\selenium\selenium-devtools-v85\4.2.1\selenium-devtools-v85-4.2.1.jar;C:\Users\huong.tran\.m2\repository\org\seleniumhq\selenium\selenium-edge-driver\4.2.1\selenium-edge-driver-4.2.1.jar;C:\Users\huong.tran\.m2\repository\org\seleniumhq\selenium\selenium-firefox-driver\4.2.1\selenium-firefox-driver-4.2.1.jar;C:\Users\huong.tran\.m2\repository\org\seleniumhq\selenium\selenium-ie-driver\4.2.1\selenium-ie-driver-4.2.1.jar;C:\Users\huong.tran\.m2\repository\org\seleniumhq\selenium\selenium-opera-driver\4.2.1\selenium-opera-driver-4.2.1.jar;C:\Users\huong.tran\.m2\repository\org\seleniumhq\selenium\selenium-remote-driver\4.2.1\selenium-remote-driver-4.2.1.jar;C:\Users\huong.tran\.m2\repository\io\netty\netty-buffer\4.1.77.Final\netty-buffer-4.1.77.Final.jar;C:\Users\huong.tran\.m2\repository\io\netty\netty-codec-http\4.1.77.Final\netty-codec-http-4.1.77.Final.jar;C:\Users\huong.tran\.m2\repository\io\netty\netty-codec\4.1.77.Final\netty-codec-4.1.77.Final.jar;C:\Users\huong.tran\.m2\repository\io\netty\netty-handler\4.1.77.Final\netty-handler-4.1.77.Final.jar;C:\Users\huong.tran\.m2\repository\io\netty\netty-common\4.1.77.Final\netty-common-4.1.77.Final.jar;C:\Users\huong.tran\.m2\repository\io\netty\netty-transport-classes-epoll\4.1.77.Final\netty-transport-classes-epoll-4.1.77.Final.jar;C:\Users\huong.tran\.m2\repository\io\netty\netty-transport-classes-kqueue\4.1.77.Final\netty-transport-classes-kqueue-4.1.77.Final.jar;C:\Users\huong.tran\.m2\repository\io\netty\netty-transport-native-epoll\4.1.77.Final\netty-transport-native-epoll-4.1.77.Final.jar;C:\Users\huong.tran\.m2\repository\io\netty\netty-transport-native-kqueue\4.1.77.Final\netty-transport-native-kqueue-4.1.77.Final.jar;C:\Users\huong.tran\.m2\repository\io\netty\netty-transport-native-unix-common\4.1.77.Final\netty-transport-native-unix-common-4.1.77.Final.jar;C:\Users\huong.tran\.m2\repository\io\netty\netty-transport\4.1.77.Final\netty-transport-4.1.77.Final.jar;C:\Users\huong.tran\.m2\repository\io\netty\netty-resolver\4.1.77.Final\netty-resolver-4.1.77.Final.jar;C:\Users\huong.tran\.m2\repository\io\opentelemetry\opentelemetry-api\1.14.0\opentelemetry-api-1.14.0.jar;C:\Users\huong.tran\.m2\repository\io\opentelemetry\opentelemetry-context\1.14.0\opentelemetry-context-1.14.0.jar;C:\Users\huong.tran\.m2\repository\io\opentelemetry\opentelemetry-exporter-logging\1.14.0\opentelemetry-exporter-logging-1.14.0.jar;C:\Users\huong.tran\.m2\repository\io\opentelemetry\opentelemetry-sdk-metrics\1.14.0\opentelemetry-sdk-metrics-1.14.0.jar;C:\Users\huong.tran\.m2\repository\io\opentelemetry\opentelemetry-sdk-logs\1.14.0-alpha\opentelemetry-sdk-logs-1.14.0-alpha.jar;C:\Users\huong.tran\.m2\repository\io\opentelemetry\opentelemetry-sdk-common\1.14.0\opentelemetry-sdk-common-1.14.0.jar;C:\Users\huong.tran\.m2\repository\io\opentelemetry\opentelemetry-sdk-extension-autoconfigure-spi\1.14.0\opentelemetry-sdk-extension-autoconfigure-spi-1.14.0.jar;C:\Users\huong.tran\.m2\repository\io\opentelemetry\opentelemetry-sdk-extension-autoconfigure\1.14.0-alpha\opentelemetry-sdk-extension-autoconfigure-1.14.0-alpha.jar;C:\Users\huong.tran\.m2\repository\io\opentelemetry\opentelemetry-sdk-trace\1.14.0\opentelemetry-sdk-trace-1.14.0.jar;C:\Users\huong.tran\.m2\repository\io\opentelemetry\opentelemetry-sdk\1.14.0\opentelemetry-sdk-1.14.0.jar;C:\Users\huong.tran\.m2\repository\io\opentelemetry\opentelemetry-semconv\1.14.0-alpha\opentelemetry-semconv-1.14.0-alpha.jar;C:\Users\huong.tran\.m2\repository\io\ous\jtoml\2.0.0\jtoml-2.0.0.jar;C:\Users\huong.tran\.m2\repository\net\bytebuddy\byte-buddy\1.12.10\byte-buddy-1.12.10.jar;C:\Users\huong.tran\.m2\repository\org\apache\commons\commons-exec\1.3\commons-exec-1.3.jar;C:\Users\huong.tran\.m2\repository\org\asynchttpclient\async-http-client\2.12.3\async-http-client-2.12.3.jar;C:\Users\huong.tran\.m2\repository\org\asynchttpclient\async-http-client-netty-utils\2.12.3\async-http-client-netty-utils-2.12.3.jar;C:\Users\huong.tran\.m2\repository\io\netty\netty-codec-socks\4.1.60.Final\netty-codec-socks-4.1.60.Final.jar;C:\Users\huong.tran\.m2\repository\io\netty\netty-handler-proxy\4.1.60.Final\netty-handler-proxy-4.1.60.Final.jar;C:\Users\huong.tran\.m2\repository\io\netty\netty-transport-native-epoll\4.1.60.Final\netty-transport-native-epoll-4.1.60.Final-linux-x86_64.jar;C:\Users\huong.tran\.m2\repository\io\netty\netty-transport-native-kqueue\4.1.60.Final\netty-transport-native-kqueue-4.1.60.Final-osx-x86_64.jar;C:\Users\huong.tran\.m2\repository\org\reactivestreams\reactive-streams\1.0.3\reactive-streams-1.0.3.jar;C:\Users\huong.tran\.m2\repository\com\typesafe\netty\netty-reactive-streams\2.0.4\netty-reactive-streams-2.0.4.jar;C:\Users\huong.tran\.m2\repository\com\sun\activation\jakarta.activation\1.2.2\jakarta.activation-1.2.2.jar;C:\Users\huong.tran\.m2\repository\org\seleniumhq\selenium\selenium-http\4.2.1\selenium-http-4.2.1.jar;C:\Users\huong.tran\.m2\repository\dev\failsafe\failsafe\3.2.4\failsafe-3.2.4.jar;C:\Users\huong.tran\.m2\repository\org\seleniumhq\selenium\selenium-safari-driver\4.2.1\selenium-safari-driver-4.2.1.jar;C:\Users\huong.tran\.m2\repository\org\seleniumhq\selenium\selenium-support\4.2.1\selenium-support-4.2.1.jar;C:\Users\huong.tran\.m2\repository\log4j\log4j\1.2.17\log4j-1.2.17.jar;C:\Users\huong.tran\.m2\repository\org\testng\testng\7.5\testng-7.5.jar;C:\Users\huong.tran\.m2\repository\com\google\code\findbugs\jsr305\3.0.1\jsr305-3.0.1.jar;C:\Users\huong.tran\.m2\repository\org\slf4j\slf4j-api\1.7.32\slf4j-api-1.7.32.jar;C:\Users\huong.tran\.m2\repository\com\beust\jcommander\1.78\jcommander-1.78.jar;C:\Users\huong.tran\.m2\repository\org\webjars\jquery\3.5.1\jquery-3.5.1.jar;"/>
    <property name="sun.cpu.endian" value="little"/>
    <property name="user.home" value="C:\Users\huong.tran"/>
    <property name="user.language" value="en"/>
    <property name="java.specification.vendor" value="Oracle Corporation"/>
    <property name="java.home" value="C:\Program Files\Java\jdk1.8.0_331\jre"/>
    <property name="basedir" value="C:\Users\huong.tran\eclipse-workspace\GWESTY"/>
    <property name="file.separator" value="\"/>
    <property name="line.separator" value="&#10;"/>
    <property name="java.vm.specification.vendor" value="Oracle Corporation"/>
    <property name="java.specification.name" value="Java Platform API Specification"/>
    <property name="java.awt.graphicsenv" value="sun.awt.Win32GraphicsEnvironment"/>
    <property name="surefire.real.class.path" value="C:\Users\huong.tran\AppData\Local\Temp\surefire7664056215931993787\surefirebooter8766914882038515870.jar"/>
    <property name="sun.boot.class.path" value="C:\Program Files\Java\jdk1.8.0_331\jre\lib\resources.jar;C:\Program Files\Java\jdk1.8.0_331\jre\lib\rt.jar;C:\Program Files\Java\jdk1.8.0_331\jre\lib\sunrsasign.jar;C:\Program Files\Java\jdk1.8.0_331\jre\lib\jsse.jar;C:\Program Files\Java\jdk1.8.0_331\jre\lib\jce.jar;C:\Program Files\Java\jdk1.8.0_331\jre\lib\charsets.jar;C:\Program Files\Java\jdk1.8.0_331\jre\lib\jfr.jar;C:\Program Files\Java\jdk1.8.0_331\jre\classes"/>
    <property name="user.script" value=""/>
    <property name="sun.management.compiler" value="HotSpot 64-Bit Tiered Compilers"/>
    <property name="java.runtime.version" value="1.8.0_331-b09"/>
    <property name="user.name" value="huong.tran"/>
    <property name="path.separator" value=";"/>
    <property name="os.version" value="10.0"/>
    <property name="java.endorsed.dirs" value="C:\Program Files\Java\jdk1.8.0_331\jre\lib\endorsed"/>
    <property name="java.runtime.name" value="Java(TM) SE Runtime Environment"/>
    <property name="file.encoding" value="Cp1252"/>
    <property name="java.vm.name" value="Java HotSpot(TM) 64-Bit Server VM"/>
    <property name="localRepository" value="C:\Users\huong.tran\.m2\repository"/>
    <property name="java.vendor.url.bug" value="http://bugreport.sun.com/bugreport/"/>
    <property name="java.io.tmpdir" value="C:\Users\HUONG~1.TRA\AppData\Local\Temp\"/>
    <property name="java.version" value="1.8.0_331"/>
    <property name="user.dir" value="C:\Users\huong.tran\eclipse-workspace\GWESTY"/>
    <property name="os.arch" value="amd64"/>
    <property name="java.vm.specification.name" value="Java Virtual Machine Specification"/>
    <property name="java.awt.printerjob" value="sun.awt.windows.WPrinterJob"/>
    <property name="sun.os.patch.level" value=""/>
    <property name="java.library.path" value="C:\Program Files\Java\jdk1.8.0_331\jre\bin;C:\Windows\Sun\Java\bin;C:\Windows\system32;C:\Windows;C:/Users/huong.tran/.p2/pool/plugins/org.eclipse.justj.openjdk.hotspot.jre.full.win32.x86_64_18.0.1.v20220515-1614/jre/bin/server;C:/Users/huong.tran/.p2/pool/plugins/org.eclipse.justj.openjdk.hotspot.jre.full.win32.x86_64_18.0.1.v20220515-1614/jre/bin;C:\Program Files (x86)\Common Files\Oracle\Java\javapath;C:\Windows\system32;C:\Windows;C:\Windows\System32\Wbem;C:\Windows\System32\WindowsPowerShell\v1.0\;C:\Windows\System32\OpenSSH\;C:\Program Files\Microsoft SQL Server\150\Tools\Binn\;C:\Program Files\Microsoft SQL Server\Client SDK\ODBC\170\Tools\Binn\;C:\Program Files\dotnet\;C:\Program Files\Java\jdk1.8.0_331\bin;C:\Tools\apache-maven-3.8.5\bin;C:\Program Files\Git\cmd;C:\Program Files (x86)\Microsoft SQL Server\150\DTS\Binn\;C:\Program Files\Azure Data Studio\bin;C:\Users\huong.tran\AppData\Local\Microsoft\WindowsApps;C:\Users\huong.tran\AppData\Local\GitHubDesktop\bin;C:\Program Files\Azure Data Studio\bin;C:\Users\huong.tran\Desktop;;."/>
    <property name="java.vm.info" value="mixed mode"/>
    <property name="java.vendor" value="Oracle Corporation"/>
    <property name="java.vm.version" value="25.331-b09"/>
    <property name="java.ext.dirs" value="C:\Program Files\Java\jdk1.8.0_331\jre\lib\ext;C:\Windows\Sun\Java\lib\ext"/>
    <property name="sun.io.unicode.encoding" value="UnicodeLittle"/>
    <property name="java.class.version" value="52.0"/>
  </properties>
  <testcase name="feature[As a role of admin, I can search booking with booking number](1)" classname="com.cucumberFramework.testRunner.TestRunner" time="13.334">
    <system-out><![CDATA[2022-07-19 14:07:465 INFO  WaitHelper :23 - waiting for element visibilityOf..
2022-07-19 14:07:565 INFO  WaitHelper :26 - element is visible..
2022-07-19 14:07:665 INFO  WaitHelper :23 - waiting for element visibilityOf..
2022-07-19 14:07:273 INFO  WaitHelper :26 - element is visible..
2022-07-19 14:07:371 INFO  WaitHelper :23 - waiting for element visibilityOf..
2022-07-19 14:07:407 INFO  WaitHelper :26 - element is visible..
2022-07-19 14:07:489 INFO  WaitHelper :23 - waiting for element visibilityOf..
2022-07-19 14:07:546 INFO  WaitHelper :26 - element is visible..
2022-07-19 14:07:763 INFO  WaitHelper :23 - waiting for element visibilityOf..
2022-07-19 14:07:803 INFO  WaitHelper :26 - element is visible..
2022-07-19 14:07:894 INFO  WaitHelper :23 - waiting for element visibilityOf..
2022-07-19 14:07:960 INFO  WaitHelper :26 - element is visible..
2022-07-19 14:07:816 INFO  WaitHelper :23 - waiting for element visibilityOf..
2022-07-19 14:07:859 INFO  WaitHelper :26 - element is visible..
2022-07-19 14:07:986 INFO  WaitHelper :23 - waiting for element visibilityOf..
2022-07-19 14:07:56 INFO  WaitHelper :26 - element is visible..
2022-07-19 14:07:706 INFO  WaitHelper :23 - waiting for element visibilityOf..
2022-07-19 14:07:747 INFO  WaitHelper :26 - element is visible..
2022-07-19 14:07:783 INFO  WaitHelper :23 - waiting for element visibilityOf..
2022-07-19 14:07:817 INFO  WaitHelper :26 - element is visible..
2022-07-19 14:07:848 INFO  ServiceHooks :43 - Verify search function when providing valid booking number is pass
]]></system-out>
    <system-err><![CDATA[SLF4J: Failed to load class "org.slf4j.impl.StaticLoggerBinder".
SLF4J: Defaulting to no-operation (NOP) logger implementation
SLF4J: See http://www.slf4j.org/codes.html#StaticLoggerBinder for further details.
Starting ChromeDriver 103.0.5060.53 (a1711811edd74ff1cf2150f36ffa3b0dae40b17f-refs/branch-heads/5060@{#853}) on port 57742
Only local connections are allowed.
Please see https://chromedriver.chromium.org/security-considerations for suggestions on keeping ChromeDriver safe.
ChromeDriver was started successfully.
Jul 19, 2022 2:43:16 PM org.openqa.selenium.remote.ProtocolHandshake createSession
INFO: Detected upstream dialect: W3C
Jul 19, 2022 2:43:16 PM org.openqa.selenium.devtools.CdpVersionFinder findNearestMatch
WARNING: Unable to find an exact match for CDP version 103, so returning the closest version found: 102
Jul 19, 2022 2:43:16 PM org.openqa.selenium.devtools.CdpVersionFinder findNearestMatch
INFO: Found CDP implementation for version 103 of 102
]]></system-err>
  </testcase>
  <testcase name="feature[As a customer role, i can cancel booking](2)" classname="com.cucumberFramework.testRunner.TestRunner" time="16.562">
    <system-out><![CDATA[2022-07-19 14:07:723 INFO  WaitHelper :23 - waiting for element visibilityOf..
2022-07-19 14:07:766 INFO  WaitHelper :26 - element is visible..
2022-07-19 14:07:863 INFO  WaitHelper :23 - waiting for element visibilityOf..
2022-07-19 14:07:462 INFO  WaitHelper :26 - element is visible..
2022-07-19 14:07:553 INFO  WaitHelper :23 - waiting for element visibilityOf..
2022-07-19 14:07:582 INFO  WaitHelper :26 - element is visible..
2022-07-19 14:07:663 INFO  WaitHelper :23 - waiting for element visibilityOf..
2022-07-19 14:07:705 INFO  WaitHelper :26 - element is visible..
2022-07-19 14:07:819 INFO  WaitHelper :23 - waiting for element visibilityOf..
2022-07-19 14:07:854 INFO  WaitHelper :26 - element is visible..
2022-07-19 14:07:928 INFO  WaitHelper :23 - waiting for element visibilityOf..
2022-07-19 14:07:969 INFO  WaitHelper :26 - element is visible..
2022-07-19 14:07:509 INFO  WaitHelper :23 - waiting for element visibilityOf..
2022-07-19 14:07:540 INFO  WaitHelper :26 - element is visible..
2022-07-19 14:07:852 INFO  WaitHelper :23 - waiting for element visibilityOf..
2022-07-19 14:07:889 INFO  WaitHelper :26 - element is visible..
2022-07-19 14:07:464 INFO  ServiceHooks :43 - Verify that users can cancel a booking if check-in date has not come yet is pass
]]></system-out>
    <system-err><![CDATA[Starting ChromeDriver 103.0.5060.53 (a1711811edd74ff1cf2150f36ffa3b0dae40b17f-refs/branch-heads/5060@{#853}) on port 56480
Only local connections are allowed.
Please see https://chromedriver.chromium.org/security-considerations for suggestions on keeping ChromeDriver safe.
ChromeDriver was started successfully.
Jul 19, 2022 2:43:28 PM org.openqa.selenium.remote.ProtocolHandshake createSession
INFO: Detected upstream dialect: W3C
Jul 19, 2022 2:43:28 PM org.openqa.selenium.devtools.CdpVersionFinder findNearestMatch
WARNING: Unable to find an exact match for CDP version 103, so returning the closest version found: 102
Jul 19, 2022 2:43:28 PM org.openqa.selenium.devtools.CdpVersionFinder findNearestMatch
INFO: Found CDP implementation for version 103 of 102
]]></system-err>
  </testcase>
  <testcase name="feature[As a role of admin, i check the &quot;Total&quot; is correctly calculated](3)" classname="com.cucumberFramework.testRunner.TestRunner" time="10.804">
    <system-out><![CDATA[2022-07-19 14:07:09 INFO  WaitHelper :23 - waiting for element visibilityOf..
2022-07-19 14:07:55 INFO  WaitHelper :26 - element is visible..
2022-07-19 14:07:152 INFO  WaitHelper :23 - waiting for element visibilityOf..
2022-07-19 14:07:721 INFO  WaitHelper :26 - element is visible..
2022-07-19 14:07:805 INFO  WaitHelper :23 - waiting for element visibilityOf..
2022-07-19 14:07:837 INFO  WaitHelper :26 - element is visible..
2022-07-19 14:07:919 INFO  WaitHelper :23 - waiting for element visibilityOf..
2022-07-19 14:07:976 INFO  WaitHelper :26 - element is visible..
2022-07-19 14:07:271 INFO  WaitHelper :23 - waiting for element visibilityOf..
2022-07-19 14:07:315 INFO  WaitHelper :26 - element is visible..
2022-07-19 14:07:406 INFO  WaitHelper :23 - waiting for element visibilityOf..
2022-07-19 14:07:444 INFO  WaitHelper :26 - element is visible..
2022-07-19 14:07:147 INFO  WaitHelper :23 - waiting for element visibilityOf..
2022-07-19 14:07:221 INFO  WaitHelper :26 - element is visible..
2022-07-19 14:07:503 INFO  WaitHelper :23 - waiting for element visibilityOf..
2022-07-19 14:07:536 INFO  WaitHelper :26 - element is visible..
418.0
2022-07-19 14:07:326 INFO  ServiceHooks :43 - Verify that the Total on the Booking Details page is correctly calculated is pass
]]></system-out>
    <system-err><![CDATA[Starting ChromeDriver 103.0.5060.53 (a1711811edd74ff1cf2150f36ffa3b0dae40b17f-refs/branch-heads/5060@{#853}) on port 59962
Only local connections are allowed.
Please see https://chromedriver.chromium.org/security-considerations for suggestions on keeping ChromeDriver safe.
ChromeDriver was started successfully.
Jul 19, 2022 2:43:44 PM org.openqa.selenium.remote.ProtocolHandshake createSession
INFO: Detected upstream dialect: W3C
Jul 19, 2022 2:43:44 PM org.openqa.selenium.devtools.CdpVersionFinder findNearestMatch
WARNING: Unable to find an exact match for CDP version 103, so returning the closest version found: 102
Jul 19, 2022 2:43:44 PM org.openqa.selenium.devtools.CdpVersionFinder findNearestMatch
INFO: Found CDP implementation for version 103 of 102
]]></system-err>
  </testcase>
  <testcase name="feature[As a Gwesty customer and admin, I should be able to login and logout with valid credentials](4)" classname="com.cucumberFramework.testRunner.TestRunner" time="41.297">
    <system-out><![CDATA[2022-07-19 14:07:254 INFO  WaitHelper :23 - waiting for element visibilityOf..
2022-07-19 14:07:311 INFO  WaitHelper :26 - element is visible..
2022-07-19 14:07:410 INFO  WaitHelper :23 - waiting for element visibilityOf..
2022-07-19 14:07:991 INFO  WaitHelper :26 - element is visible..
2022-07-19 14:07:16 INFO  WaitHelper :23 - waiting for element visibilityOf..
2022-07-19 14:07:46 INFO  WaitHelper :26 - element is visible..
2022-07-19 14:07:134 INFO  WaitHelper :23 - waiting for element visibilityOf..
2022-07-19 14:07:166 INFO  WaitHelper :26 - element is visible..
2022-07-19 14:07:259 INFO  WaitHelper :23 - waiting for element visibilityOf..
2022-07-19 14:07:296 INFO  WaitHelper :26 - element is visible..
2022-07-19 14:07:361 INFO  WaitHelper :23 - waiting for element visibilityOf..
2022-07-19 14:07:388 INFO  WaitHelper :26 - element is visible..
2022-07-19 14:07:463 INFO  WaitHelper :23 - waiting for element visibilityOf..
2022-07-19 14:07:491 INFO  WaitHelper :26 - element is visible..
2022-07-19 14:07:518 INFO  WaitHelper :23 - waiting for element visibilityOf..
2022-07-19 14:07:554 INFO  WaitHelper :26 - element is visible..
2022-07-19 14:07:651 INFO  WaitHelper :23 - waiting for element visibilityOf..
2022-07-19 14:07:700 INFO  WaitHelper :26 - element is visible..
2022-07-19 14:07:524 INFO  WaitHelper :23 - waiting for element visibilityOf..
2022-07-19 14:07:556 INFO  WaitHelper :26 - element is visible..
2022-07-19 14:07:576 INFO  ServiceHooks :43 - Login into the application as customer role with valid credentials and logout is pass
2022-07-19 14:07:423 INFO  WaitHelper :23 - waiting for element visibilityOf..
2022-07-19 14:07:467 INFO  WaitHelper :26 - element is visible..
2022-07-19 14:07:552 INFO  WaitHelper :23 - waiting for element visibilityOf..
2022-07-19 14:07:146 INFO  WaitHelper :26 - element is visible..
2022-07-19 14:07:177 INFO  WaitHelper :23 - waiting for element visibilityOf..
2022-07-19 14:07:211 INFO  WaitHelper :26 - element is visible..
2022-07-19 14:07:306 INFO  WaitHelper :23 - waiting for element visibilityOf..
2022-07-19 14:07:333 INFO  WaitHelper :26 - element is visible..
2022-07-19 14:07:429 INFO  WaitHelper :23 - waiting for element visibilityOf..
2022-07-19 14:07:461 INFO  WaitHelper :26 - element is visible..
2022-07-19 14:07:528 INFO  WaitHelper :23 - waiting for element visibilityOf..
2022-07-19 14:07:552 INFO  WaitHelper :26 - element is visible..
2022-07-19 14:07:873 INFO  WaitHelper :23 - waiting for element visibilityOf..
2022-07-19 14:07:906 INFO  WaitHelper :26 - element is visible..
2022-07-19 14:07:937 INFO  WaitHelper :23 - waiting for element visibilityOf..
2022-07-19 14:07:979 INFO  WaitHelper :26 - element is visible..
2022-07-19 14:07:62 INFO  WaitHelper :23 - waiting for element visibilityOf..
2022-07-19 14:07:122 INFO  WaitHelper :26 - element is visible..
2022-07-19 14:07:916 INFO  WaitHelper :23 - waiting for element visibilityOf..
2022-07-19 14:07:940 INFO  WaitHelper :26 - element is visible..
2022-07-19 14:07:961 INFO  ServiceHooks :43 - Login into the application as admin role with valid credentials and logout is pass
2022-07-19 14:07:751 INFO  WaitHelper :23 - waiting for element visibilityOf..
2022-07-19 14:07:808 INFO  WaitHelper :26 - element is visible..
2022-07-19 14:07:906 INFO  WaitHelper :23 - waiting for element visibilityOf..
2022-07-19 14:07:506 INFO  WaitHelper :26 - element is visible..
2022-07-19 14:07:540 INFO  WaitHelper :23 - waiting for element visibilityOf..
2022-07-19 14:07:569 INFO  WaitHelper :26 - element is visible..
2022-07-19 14:07:667 INFO  WaitHelper :23 - waiting for element visibilityOf..
2022-07-19 14:07:691 INFO  WaitHelper :26 - element is visible..
2022-07-19 14:07:736 INFO  WaitHelper :23 - waiting for element visibilityOf..
2022-07-19 14:07:787 INFO  WaitHelper :26 - element is visible..
2022-07-19 14:07:829 INFO  WaitHelper :23 - waiting for element visibilityOf..
2022-07-19 14:07:862 INFO  WaitHelper :26 - element is visible..
Error: Wrong username or password !!!
2022-07-19 14:07:889 INFO  ServiceHooks :43 - Login into the application with invalid credentials in these Wrong username is pass
2022-07-19 14:07:525 INFO  WaitHelper :23 - waiting for element visibilityOf..
2022-07-19 14:07:566 INFO  WaitHelper :26 - element is visible..
2022-07-19 14:07:663 INFO  WaitHelper :23 - waiting for element visibilityOf..
2022-07-19 14:07:236 INFO  WaitHelper :26 - element is visible..
2022-07-19 14:07:266 INFO  WaitHelper :23 - waiting for element visibilityOf..
2022-07-19 14:07:301 INFO  WaitHelper :26 - element is visible..
2022-07-19 14:07:398 INFO  WaitHelper :23 - waiting for element visibilityOf..
2022-07-19 14:07:422 INFO  WaitHelper :26 - element is visible..
2022-07-19 14:07:481 INFO  WaitHelper :23 - waiting for element visibilityOf..
2022-07-19 14:07:536 INFO  WaitHelper :26 - element is visible..
2022-07-19 14:07:536 INFO  WaitHelper :23 - waiting for element visibilityOf..
2022-07-19 14:07:569 INFO  WaitHelper :26 - element is visible..
Error: Wrong username or password !!!
2022-07-19 14:07:594 INFO  ServiceHooks :43 - Login into the application with invalid credentials in these Wrong password is pass
2022-07-19 14:07:423 INFO  WaitHelper :23 - waiting for element visibilityOf..
2022-07-19 14:07:464 INFO  WaitHelper :26 - element is visible..
2022-07-19 14:07:560 INFO  WaitHelper :23 - waiting for element visibilityOf..
2022-07-19 14:07:156 INFO  WaitHelper :26 - element is visible..
2022-07-19 14:07:204 INFO  WaitHelper :23 - waiting for element visibilityOf..
2022-07-19 14:07:248 INFO  WaitHelper :26 - element is visible..
2022-07-19 14:07:351 INFO  WaitHelper :23 - waiting for element visibilityOf..
2022-07-19 14:07:374 INFO  WaitHelper :26 - element is visible..
2022-07-19 14:07:422 INFO  WaitHelper :23 - waiting for element visibilityOf..
2022-07-19 14:07:472 INFO  WaitHelper :26 - element is visible..
2022-07-19 14:07:428 INFO  WaitHelper :23 - waiting for element visibilityOf..
2022-07-19 14:07:462 INFO  WaitHelper :26 - element is visible..
Error: Wrong username or password !!!
2022-07-19 14:07:487 INFO  ServiceHooks :43 - Login into the application with invalid credentials in these Wrong username and password is pass
]]></system-out>
    <system-err><![CDATA[Starting ChromeDriver 103.0.5060.53 (a1711811edd74ff1cf2150f36ffa3b0dae40b17f-refs/branch-heads/5060@{#853}) on port 51419
Only local connections are allowed.
Please see https://chromedriver.chromium.org/security-considerations for suggestions on keeping ChromeDriver safe.
ChromeDriver was started successfully.
Jul 19, 2022 2:43:55 PM org.openqa.selenium.remote.ProtocolHandshake createSession
INFO: Detected upstream dialect: W3C
Jul 19, 2022 2:43:55 PM org.openqa.selenium.devtools.CdpVersionFinder findNearestMatch
WARNING: Unable to find an exact match for CDP version 103, so returning the closest version found: 102
Jul 19, 2022 2:43:55 PM org.openqa.selenium.devtools.CdpVersionFinder findNearestMatch
INFO: Found CDP implementation for version 103 of 102
Starting ChromeDriver 103.0.5060.53 (a1711811edd74ff1cf2150f36ffa3b0dae40b17f-refs/branch-heads/5060@{#853}) on port 58534
Only local connections are allowed.
Please see https://chromedriver.chromium.org/security-considerations for suggestions on keeping ChromeDriver safe.
ChromeDriver was started successfully.
Jul 19, 2022 2:44:03 PM org.openqa.selenium.remote.ProtocolHandshake createSession
INFO: Detected upstream dialect: W3C
Jul 19, 2022 2:44:04 PM org.openqa.selenium.devtools.CdpVersionFinder findNearestMatch
WARNING: Unable to find an exact match for CDP version 103, so returning the closest version found: 102
Jul 19, 2022 2:44:04 PM org.openqa.selenium.devtools.CdpVersionFinder findNearestMatch
INFO: Found CDP implementation for version 103 of 102
Starting ChromeDriver 103.0.5060.53 (a1711811edd74ff1cf2150f36ffa3b0dae40b17f-refs/branch-heads/5060@{#853}) on port 59928
Only local connections are allowed.
Please see https://chromedriver.chromium.org/security-considerations for suggestions on keeping ChromeDriver safe.
ChromeDriver was started successfully.
Jul 19, 2022 2:44:16 PM org.openqa.selenium.remote.ProtocolHandshake createSession
INFO: Detected upstream dialect: W3C
Jul 19, 2022 2:44:16 PM org.openqa.selenium.devtools.CdpVersionFinder findNearestMatch
WARNING: Unable to find an exact match for CDP version 103, so returning the closest version found: 102
Jul 19, 2022 2:44:16 PM org.openqa.selenium.devtools.CdpVersionFinder findNearestMatch
INFO: Found CDP implementation for version 103 of 102
Starting ChromeDriver 103.0.5060.53 (a1711811edd74ff1cf2150f36ffa3b0dae40b17f-refs/branch-heads/5060@{#853}) on port 57293
Only local connections are allowed.
Please see https://chromedriver.chromium.org/security-considerations for suggestions on keeping ChromeDriver safe.
ChromeDriver was started successfully.
Jul 19, 2022 2:44:23 PM org.openqa.selenium.remote.ProtocolHandshake createSession
INFO: Detected upstream dialect: W3C
Jul 19, 2022 2:44:23 PM org.openqa.selenium.devtools.CdpVersionFinder findNearestMatch
WARNING: Unable to find an exact match for CDP version 103, so returning the closest version found: 102
Jul 19, 2022 2:44:23 PM org.openqa.selenium.devtools.CdpVersionFinder findNearestMatch
INFO: Found CDP implementation for version 103 of 102
Starting ChromeDriver 103.0.5060.53 (a1711811edd74ff1cf2150f36ffa3b0dae40b17f-refs/branch-heads/5060@{#853}) on port 55735
Only local connections are allowed.
Please see https://chromedriver.chromium.org/security-considerations for suggestions on keeping ChromeDriver safe.
ChromeDriver was started successfully.
Jul 19, 2022 2:44:29 PM org.openqa.selenium.remote.ProtocolHandshake createSession
INFO: Detected upstream dialect: W3C
Jul 19, 2022 2:44:29 PM org.openqa.selenium.devtools.CdpVersionFinder findNearestMatch
WARNING: Unable to find an exact match for CDP version 103, so returning the closest version found: 102
Jul 19, 2022 2:44:29 PM org.openqa.selenium.devtools.CdpVersionFinder findNearestMatch
INFO: Found CDP implementation for version 103 of 102
]]></system-err>
  </testcase>
  <testcase name="feature[As a customer, I should be able to search for available room](5)" classname="com.cucumberFramework.testRunner.TestRunner" time="9.944">
    <system-out><![CDATA[2022-07-19 14:07:212 INFO  WaitHelper :23 - waiting for element visibilityOf..
2022-07-19 14:07:252 INFO  WaitHelper :26 - element is visible..
2022-07-19 14:07:349 INFO  WaitHelper :23 - waiting for element visibilityOf..
2022-07-19 14:07:927 INFO  WaitHelper :26 - element is visible..
2022-07-19 14:07:39 INFO  WaitHelper :23 - waiting for element visibilityOf..
2022-07-19 14:07:86 INFO  WaitHelper :26 - element is visible..
2022-07-19 14:07:171 INFO  WaitHelper :23 - waiting for element visibilityOf..
2022-07-19 14:07:213 INFO  WaitHelper :26 - element is visible..
2022-07-19 14:07:292 INFO  WaitHelper :23 - waiting for element visibilityOf..
2022-07-19 14:07:320 INFO  WaitHelper :26 - element is visible..
2022-07-19 14:07:483 INFO  WaitHelper :23 - waiting for element visibilityOf..
2022-07-19 14:07:540 INFO  WaitHelper :26 - element is visible..
2022-07-19 14:07:684 INFO  WaitHelper :23 - waiting for element visibilityOf..
2022-07-19 14:07:715 INFO  WaitHelper :26 - element is visible..
2022-07-19 14:07:777 INFO  WaitHelper :23 - waiting for element visibilityOf..
2022-07-19 14:07:814 INFO  WaitHelper :26 - element is visible..
2022-07-19 14:07:875 INFO  WaitHelper :23 - waiting for element visibilityOf..
2022-07-19 14:07:916 INFO  WaitHelper :26 - element is visible..
Abc
5
5
500.5
Deluxe
2
2
250.0
Junior Suite
2
1
200.0

2
2
600.0
Superior City View
2
2
150.0
Deluxe Twin
2
2
250.0
2022-07-19 14:07:332 INFO  WaitHelper :23 - waiting for element visibilityOf..
2022-07-19 14:07:344 INFO  WaitHelper :26 - element is visible..
2022-07-19 14:07:168 INFO  ServiceHooks :43 - Verify if customer can search for available room is pass
]]></system-out>
    <system-err><![CDATA[Starting ChromeDriver 103.0.5060.53 (a1711811edd74ff1cf2150f36ffa3b0dae40b17f-refs/branch-heads/5060@{#853}) on port 62493
Only local connections are allowed.
Please see https://chromedriver.chromium.org/security-considerations for suggestions on keeping ChromeDriver safe.
ChromeDriver was started successfully.
Jul 19, 2022 2:44:36 PM org.openqa.selenium.remote.ProtocolHandshake createSession
INFO: Detected upstream dialect: W3C
Jul 19, 2022 2:44:36 PM org.openqa.selenium.devtools.CdpVersionFinder findNearestMatch
WARNING: Unable to find an exact match for CDP version 103, so returning the closest version found: 102
Jul 19, 2022 2:44:36 PM org.openqa.selenium.devtools.CdpVersionFinder findNearestMatch
INFO: Found CDP implementation for version 103 of 102
]]></system-err>
  </testcase>
  <testcase name="feature[As a guest and as a customer, I should be able to search for available room, booking and make payment](6)" classname="com.cucumberFramework.testRunner.TestRunner" time="57.466">
    <system-out><![CDATA[2022-07-19 14:07:404 INFO  WaitHelper :23 - waiting for element visibilityOf..
2022-07-19 14:07:442 INFO  WaitHelper :26 - element is visible..
2022-07-19 14:07:618 INFO  WaitHelper :23 - waiting for element visibilityOf..
2022-07-19 14:07:663 INFO  WaitHelper :26 - element is visible..
2022-07-19 14:07:794 INFO  WaitHelper :23 - waiting for element visibilityOf..
2022-07-19 14:07:836 INFO  WaitHelper :26 - element is visible..
2022-07-19 14:07:914 INFO  WaitHelper :23 - waiting for element visibilityOf..
2022-07-19 14:07:954 INFO  WaitHelper :26 - element is visible..
2022-07-19 14:07:17 INFO  WaitHelper :23 - waiting for element visibilityOf..
2022-07-19 14:07:55 INFO  WaitHelper :26 - element is visible..
2022-07-19 14:07:585 INFO  WaitHelper :23 - waiting for element visibilityOf..
2022-07-19 14:07:617 INFO  WaitHelper :26 - element is visible..
2022-07-19 14:07:231 INFO  WaitHelper :23 - waiting for element visibilityOf..
2022-07-19 14:07:259 INFO  WaitHelper :26 - element is visible..
2022-07-19 14:07:282 INFO  WaitHelper :23 - waiting for element visibilityOf..
2022-07-19 14:07:311 INFO  WaitHelper :26 - element is visible..
2022-07-19 14:07:550 INFO  WaitHelper :23 - waiting for element visibilityOf..
2022-07-19 14:07:592 INFO  WaitHelper :26 - element is visible..
2022-07-19 14:07:740 INFO  WaitHelper :23 - waiting for element visibilityOf..
2022-07-19 14:07:769 INFO  WaitHelper :26 - element is visible..
2022-07-19 14:07:884 INFO  WaitHelper :23 - waiting for element visibilityOf..
2022-07-19 14:07:918 INFO  WaitHelper :26 - element is visible..
2022-07-19 14:07:06 INFO  WaitHelper :23 - waiting for element visibilityOf..
2022-07-19 14:07:37 INFO  WaitHelper :26 - element is visible..
2022-07-19 14:07:142 INFO  WaitHelper :23 - waiting for element visibilityOf..
2022-07-19 14:07:173 INFO  WaitHelper :26 - element is visible..
2022-07-19 14:07:251 INFO  WaitHelper :23 - waiting for element visibilityOf..
2022-07-19 14:07:283 INFO  WaitHelper :26 - element is visible..
2022-07-19 14:07:643 INFO  WaitHelper :23 - waiting for element visibilityOf..
2022-07-19 14:07:685 INFO  WaitHelper :26 - element is visible..
2022-07-19 14:07:707 INFO  WaitHelper :23 - waiting for element visibilityOf..
2022-07-19 14:07:734 INFO  WaitHelper :26 - element is visible..
2022-07-19 14:07:858 INFO  WaitHelper :23 - waiting for element visibilityOf..
2022-07-19 14:07:917 INFO  WaitHelper :26 - element is visible..
2022-07-19 14:07:69 INFO  WaitHelper :23 - waiting for element visibilityOf..
2022-07-19 14:07:103 INFO  WaitHelper :26 - element is visible..
2022-07-19 14:07:224 INFO  WaitHelper :23 - waiting for element visibilityOf..
2022-07-19 14:07:256 INFO  WaitHelper :26 - element is visible..
2022-07-19 14:07:412 INFO  WaitHelper :23 - waiting for element visibilityOf..
2022-07-19 14:07:447 INFO  WaitHelper :26 - element is visible..
2022-07-19 14:07:857 INFO  WaitHelper :23 - waiting for element visibilityOf..
2022-07-19 14:07:907 INFO  WaitHelper :26 - element is visible..
2022-07-19 14:07:947 INFO  WaitHelper :23 - waiting for element visibilityOf..
2022-07-19 14:07:977 INFO  WaitHelper :26 - element is visible..
2022-07-19 14:07:03 INFO  ServiceHooks :43 - Verify if guest can search for available room, then booking and make payment is pass
2022-07-19 14:07:937 INFO  WaitHelper :23 - waiting for element visibilityOf..
2022-07-19 14:07:981 INFO  WaitHelper :26 - element is visible..
2022-07-19 14:07:78 INFO  WaitHelper :23 - waiting for element visibilityOf..
2022-07-19 14:07:733 INFO  WaitHelper :26 - element is visible..
2022-07-19 14:07:850 INFO  WaitHelper :23 - waiting for element visibilityOf..
2022-07-19 14:07:876 INFO  WaitHelper :26 - element is visible..
2022-07-19 14:07:953 INFO  WaitHelper :23 - waiting for element visibilityOf..
2022-07-19 14:07:992 INFO  WaitHelper :26 - element is visible..
2022-07-19 14:07:80 INFO  WaitHelper :23 - waiting for element visibilityOf..
2022-07-19 14:07:107 INFO  WaitHelper :26 - element is visible..
2022-07-19 14:07:279 INFO  WaitHelper :23 - waiting for element visibilityOf..
2022-07-19 14:07:340 INFO  WaitHelper :26 - element is visible..
2022-07-19 14:07:477 INFO  WaitHelper :23 - waiting for element visibilityOf..
2022-07-19 14:07:506 INFO  WaitHelper :26 - element is visible..
2022-07-19 14:07:572 INFO  WaitHelper :23 - waiting for element visibilityOf..
2022-07-19 14:07:608 INFO  WaitHelper :26 - element is visible..
2022-07-19 14:07:671 INFO  WaitHelper :23 - waiting for element visibilityOf..
2022-07-19 14:07:716 INFO  WaitHelper :26 - element is visible..
2022-07-19 14:07:230 INFO  WaitHelper :23 - waiting for element visibilityOf..
2022-07-19 14:07:263 INFO  WaitHelper :26 - element is visible..
2022-07-19 14:07:909 INFO  WaitHelper :23 - waiting for element visibilityOf..
2022-07-19 14:07:938 INFO  WaitHelper :26 - element is visible..
2022-07-19 14:07:958 INFO  WaitHelper :23 - waiting for element visibilityOf..
2022-07-19 14:07:985 INFO  WaitHelper :26 - element is visible..
2022-07-19 14:07:253 INFO  WaitHelper :23 - waiting for element visibilityOf..
2022-07-19 14:07:287 INFO  WaitHelper :26 - element is visible..
2022-07-19 14:07:315 INFO  WaitHelper :23 - waiting for element visibilityOf..
2022-07-19 14:07:364 INFO  WaitHelper :26 - element is visible..
2022-07-19 14:07:460 INFO  WaitHelper :23 - waiting for element visibilityOf..
2022-07-19 14:07:487 INFO  WaitHelper :26 - element is visible..
2022-07-19 14:07:583 INFO  WaitHelper :23 - waiting for element visibilityOf..
2022-07-19 14:07:613 INFO  WaitHelper :26 - element is visible..
2022-07-19 14:07:670 INFO  WaitHelper :23 - waiting for element visibilityOf..
2022-07-19 14:07:698 INFO  WaitHelper :26 - element is visible..
2022-07-19 14:07:995 INFO  WaitHelper :23 - waiting for element visibilityOf..
2022-07-19 14:07:30 INFO  WaitHelper :26 - element is visible..
2022-07-19 14:07:58 INFO  WaitHelper :23 - waiting for element visibilityOf..
2022-07-19 14:07:83 INFO  WaitHelper :26 - element is visible..
2022-07-19 14:07:233 INFO  WaitHelper :23 - waiting for element visibilityOf..
2022-07-19 14:07:273 INFO  WaitHelper :26 - element is visible..
2022-07-19 14:07:420 INFO  WaitHelper :23 - waiting for element visibilityOf..
2022-07-19 14:07:451 INFO  WaitHelper :26 - element is visible..
2022-07-19 14:07:571 INFO  WaitHelper :23 - waiting for element visibilityOf..
2022-07-19 14:07:608 INFO  WaitHelper :26 - element is visible..
2022-07-19 14:07:767 INFO  WaitHelper :23 - waiting for element visibilityOf..
2022-07-19 14:07:803 INFO  WaitHelper :26 - element is visible..
2022-07-19 14:07:00 INFO  WaitHelper :23 - waiting for element visibilityOf..
2022-07-19 14:07:60 INFO  WaitHelper :26 - element is visible..
2022-07-19 14:07:93 INFO  WaitHelper :23 - waiting for element visibilityOf..
2022-07-19 14:07:136 INFO  WaitHelper :26 - element is visible..
2022-07-19 14:07:163 INFO  WaitHelper :23 - waiting for element visibilityOf..
2022-07-19 14:07:187 INFO  WaitHelper :26 - element is visible..
2022-07-19 14:07:232 INFO  WaitHelper :23 - waiting for element visibilityOf..
2022-07-19 14:07:258 INFO  WaitHelper :26 - element is visible..
2022-07-19 14:07:541 INFO  WaitHelper :23 - waiting for element visibilityOf..
2022-07-19 14:07:574 INFO  WaitHelper :26 - element is visible..
2022-07-19 14:07:604 INFO  ServiceHooks :43 - Verify if customer can search for available room, then booking and make payment is pass
]]></system-out>
    <system-err><![CDATA[Starting ChromeDriver 103.0.5060.53 (a1711811edd74ff1cf2150f36ffa3b0dae40b17f-refs/branch-heads/5060@{#853}) on port 54376
Only local connections are allowed.
Please see https://chromedriver.chromium.org/security-considerations for suggestions on keeping ChromeDriver safe.
ChromeDriver was started successfully.
Jul 19, 2022 2:44:46 PM org.openqa.selenium.remote.ProtocolHandshake createSession
INFO: Detected upstream dialect: W3C
Jul 19, 2022 2:44:46 PM org.openqa.selenium.devtools.CdpVersionFinder findNearestMatch
WARNING: Unable to find an exact match for CDP version 103, so returning the closest version found: 102
Jul 19, 2022 2:44:46 PM org.openqa.selenium.devtools.CdpVersionFinder findNearestMatch
INFO: Found CDP implementation for version 103 of 102
Starting ChromeDriver 103.0.5060.53 (a1711811edd74ff1cf2150f36ffa3b0dae40b17f-refs/branch-heads/5060@{#853}) on port 62990
Only local connections are allowed.
Please see https://chromedriver.chromium.org/security-considerations for suggestions on keeping ChromeDriver safe.
ChromeDriver was started successfully.
Jul 19, 2022 2:45:14 PM org.openqa.selenium.remote.ProtocolHandshake createSession
INFO: Detected upstream dialect: W3C
Jul 19, 2022 2:45:14 PM org.openqa.selenium.devtools.CdpVersionFinder findNearestMatch
WARNING: Unable to find an exact match for CDP version 103, so returning the closest version found: 102
Jul 19, 2022 2:45:14 PM org.openqa.selenium.devtools.CdpVersionFinder findNearestMatch
INFO: Found CDP implementation for version 103 of 102
]]></system-err>
  </testcase>
  <testcase name="feature[on homepage, I can search my booking with booking number](7)" classname="com.cucumberFramework.testRunner.TestRunner" time="5.925">
    <system-out><![CDATA[2022-07-19 14:07:936 INFO  WaitHelper :23 - waiting for element visibilityOf..
2022-07-19 14:07:976 INFO  WaitHelper :26 - element is visible..
2022-07-19 14:07:39 INFO  WaitHelper :23 - waiting for element visibilityOf..
2022-07-19 14:07:78 INFO  WaitHelper :26 - element is visible..
2022-07-19 14:07:547 INFO  WaitHelper :23 - waiting for element visibilityOf..
2022-07-19 14:07:576 INFO  WaitHelper :26 - element is visible..
2022-07-19 14:07:600 INFO  ServiceHooks :43 - Verify search function on homepage when entering valid booking number is pass
]]></system-out>
    <system-err><![CDATA[Starting ChromeDriver 103.0.5060.53 (a1711811edd74ff1cf2150f36ffa3b0dae40b17f-refs/branch-heads/5060@{#853}) on port 56597
Only local connections are allowed.
Please see https://chromedriver.chromium.org/security-considerations for suggestions on keeping ChromeDriver safe.
ChromeDriver was started successfully.
Jul 19, 2022 2:45:44 PM org.openqa.selenium.remote.ProtocolHandshake createSession
INFO: Detected upstream dialect: W3C
Jul 19, 2022 2:45:44 PM org.openqa.selenium.devtools.CdpVersionFinder findNearestMatch
WARNING: Unable to find an exact match for CDP version 103, so returning the closest version found: 102
Jul 19, 2022 2:45:44 PM org.openqa.selenium.devtools.CdpVersionFinder findNearestMatch
INFO: Found CDP implementation for version 103 of 102
]]></system-err>
  </testcase>
</testsuite>