<?xml version="1.0" encoding="UTF-8"?>
<testsuite xmlns:xsi="http://www.w3.org/2001/XMLSchema-instance" xsi:noNamespaceSchemaLocation="https://maven.apache.org/surefire/maven-surefire-plugin/xsd/surefire-test-report-3.0.xsd" version="3.0" name="TestSuite" time="155.446" tests="7" errors="0" skipped="0" failures="0">
  <properties>
    <property name="sun.desktop" value="windows"/>
    <property name="awt.toolkit" value="sun.awt.windows.WToolkit"/>
    <property name="file.encoding.pkg" value="sun.io"/>
    <property name="java.specification.version" value="1.8"/>
    <property name="webdriver.chrome.driver" value="C:/Drivers/chromedriver_win32/chromedriver.exe"/>
    <property name="sun.cpu.isalist" value="amd64"/>
    <property name="sun.jnu.encoding" value="Cp1252"/>
    <property name="java.class.path" value="C:\Users\huong.tran\eclipse-workspace\GWESTY\target\test-classes;C:\Users\huong.tran\eclipse-workspace\GWESTY\target\classes;C:\Windows\system32\config\systemprofile\.m2\repository\io\cucumber\cucumber-java\1.2.6\cucumber-java-1.2.6.jar;C:\Windows\system32\config\systemprofile\.m2\repository\io\cucumber\cucumber-core\1.2.6\cucumber-core-1.2.6.jar;C:\Windows\system32\config\systemprofile\.m2\repository\info\cukes\cucumber-html\0.2.3\cucumber-html-0.2.3.jar;C:\Windows\system32\config\systemprofile\.m2\repository\info\cukes\cucumber-jvm-deps\1.0.5\cucumber-jvm-deps-1.0.5.jar;C:\Windows\system32\config\systemprofile\.m2\repository\info\cukes\gherkin\2.12.2\gherkin-2.12.2.jar;C:\Windows\system32\config\systemprofile\.m2\repository\io\cucumber\cucumber-testng\1.2.6\cucumber-testng-1.2.6.jar;C:\Windows\system32\config\systemprofile\.m2\repository\io\cucumber\gherkin\22.0.0\gherkin-22.0.0.jar;C:\Windows\system32\config\systemprofile\.m2\repository\io\cucumber\messages\17.1.1\messages-17.1.1.jar;C:\Windows\system32\config\systemprofile\.m2\repository\org\seleniumhq\selenium\selenium-java\4.2.1\selenium-java-4.2.1.jar;C:\Windows\system32\config\systemprofile\.m2\repository\org\seleniumhq\selenium\selenium-api\4.2.1\selenium-api-4.2.1.jar;C:\Windows\system32\config\systemprofile\.m2\repository\org\seleniumhq\selenium\selenium-chrome-driver\4.2.1\selenium-chrome-driver-4.2.1.jar;C:\Windows\system32\config\systemprofile\.m2\repository\com\google\auto\service\auto-service-annotations\1.0.1\auto-service-annotations-1.0.1.jar;C:\Windows\system32\config\systemprofile\.m2\repository\com\google\auto\service\auto-service\1.0.1\auto-service-1.0.1.jar;C:\Windows\system32\config\systemprofile\.m2\repository\com\google\auto\auto-common\1.2\auto-common-1.2.jar;C:\Windows\system32\config\systemprofile\.m2\repository\com\google\guava\guava\31.1-jre\guava-31.1-jre.jar;C:\Windows\system32\config\systemprofile\.m2\repository\com\google\guava\failureaccess\1.0.1\failureaccess-1.0.1.jar;C:\Windows\system32\config\systemprofile\.m2\repository\com\google\guava\listenablefuture\9999.0-empty-to-avoid-conflict-with-guava\listenablefuture-9999.0-empty-to-avoid-conflict-with-guava.jar;C:\Windows\system32\config\systemprofile\.m2\repository\org\checkerframework\checker-qual\3.12.0\checker-qual-3.12.0.jar;C:\Windows\system32\config\systemprofile\.m2\repository\com\google\errorprone\error_prone_annotations\2.11.0\error_prone_annotations-2.11.0.jar;C:\Windows\system32\config\systemprofile\.m2\repository\com\google\j2objc\j2objc-annotations\1.3\j2objc-annotations-1.3.jar;C:\Windows\system32\config\systemprofile\.m2\repository\org\seleniumhq\selenium\selenium-chromium-driver\4.2.1\selenium-chromium-driver-4.2.1.jar;C:\Windows\system32\config\systemprofile\.m2\repository\org\seleniumhq\selenium\selenium-json\4.2.1\selenium-json-4.2.1.jar;C:\Windows\system32\config\systemprofile\.m2\repository\org\seleniumhq\selenium\selenium-devtools-v100\4.2.1\selenium-devtools-v100-4.2.1.jar;C:\Windows\system32\config\systemprofile\.m2\repository\org\seleniumhq\selenium\selenium-devtools-v101\4.2.1\selenium-devtools-v101-4.2.1.jar;C:\Windows\system32\config\systemprofile\.m2\repository\org\seleniumhq\selenium\selenium-devtools-v102\4.2.1\selenium-devtools-v102-4.2.1.jar;C:\Windows\system32\config\systemprofile\.m2\repository\org\seleniumhq\selenium\selenium-devtools-v85\4.2.1\selenium-devtools-v85-4.2.1.jar;C:\Windows\system32\config\systemprofile\.m2\repository\org\seleniumhq\selenium\selenium-edge-driver\4.2.1\selenium-edge-driver-4.2.1.jar;C:\Windows\system32\config\systemprofile\.m2\repository\org\seleniumhq\selenium\selenium-firefox-driver\4.2.1\selenium-firefox-driver-4.2.1.jar;C:\Windows\system32\config\systemprofile\.m2\repository\org\seleniumhq\selenium\selenium-ie-driver\4.2.1\selenium-ie-driver-4.2.1.jar;C:\Windows\system32\config\systemprofile\.m2\repository\org\seleniumhq\selenium\selenium-opera-driver\4.2.1\selenium-opera-driver-4.2.1.jar;C:\Windows\system32\config\systemprofile\.m2\repository\org\seleniumhq\selenium\selenium-remote-driver\4.2.1\selenium-remote-driver-4.2.1.jar;C:\Windows\system32\config\systemprofile\.m2\repository\io\netty\netty-buffer\4.1.77.Final\netty-buffer-4.1.77.Final.jar;C:\Windows\system32\config\systemprofile\.m2\repository\io\netty\netty-codec-http\4.1.77.Final\netty-codec-http-4.1.77.Final.jar;C:\Windows\system32\config\systemprofile\.m2\repository\io\netty\netty-codec\4.1.77.Final\netty-codec-4.1.77.Final.jar;C:\Windows\system32\config\systemprofile\.m2\repository\io\netty\netty-handler\4.1.77.Final\netty-handler-4.1.77.Final.jar;C:\Windows\system32\config\systemprofile\.m2\repository\io\netty\netty-common\4.1.77.Final\netty-common-4.1.77.Final.jar;C:\Windows\system32\config\systemprofile\.m2\repository\io\netty\netty-transport-classes-epoll\4.1.77.Final\netty-transport-classes-epoll-4.1.77.Final.jar;C:\Windows\system32\config\systemprofile\.m2\repository\io\netty\netty-transport-classes-kqueue\4.1.77.Final\netty-transport-classes-kqueue-4.1.77.Final.jar;C:\Windows\system32\config\systemprofile\.m2\repository\io\netty\netty-transport-native-epoll\4.1.77.Final\netty-transport-native-epoll-4.1.77.Final.jar;C:\Windows\system32\config\systemprofile\.m2\repository\io\netty\netty-transport-native-kqueue\4.1.77.Final\netty-transport-native-kqueue-4.1.77.Final.jar;C:\Windows\system32\config\systemprofile\.m2\repository\io\netty\netty-transport-native-unix-common\4.1.77.Final\netty-transport-native-unix-common-4.1.77.Final.jar;C:\Windows\system32\config\systemprofile\.m2\repository\io\netty\netty-transport\4.1.77.Final\netty-transport-4.1.77.Final.jar;C:\Windows\system32\config\systemprofile\.m2\repository\io\netty\netty-resolver\4.1.77.Final\netty-resolver-4.1.77.Final.jar;C:\Windows\system32\config\systemprofile\.m2\repository\io\opentelemetry\opentelemetry-api\1.14.0\opentelemetry-api-1.14.0.jar;C:\Windows\system32\config\systemprofile\.m2\repository\io\opentelemetry\opentelemetry-context\1.14.0\opentelemetry-context-1.14.0.jar;C:\Windows\system32\config\systemprofile\.m2\repository\io\opentelemetry\opentelemetry-exporter-logging\1.14.0\opentelemetry-exporter-logging-1.14.0.jar;C:\Windows\system32\config\systemprofile\.m2\repository\io\opentelemetry\opentelemetry-sdk-metrics\1.14.0\opentelemetry-sdk-metrics-1.14.0.jar;C:\Windows\system32\config\systemprofile\.m2\repository\io\opentelemetry\opentelemetry-sdk-logs\1.14.0-alpha\opentelemetry-sdk-logs-1.14.0-alpha.jar;C:\Windows\system32\config\systemprofile\.m2\repository\io\opentelemetry\opentelemetry-sdk-common\1.14.0\opentelemetry-sdk-common-1.14.0.jar;C:\Windows\system32\config\systemprofile\.m2\repository\io\opentelemetry\opentelemetry-sdk-extension-autoconfigure-spi\1.14.0\opentelemetry-sdk-extension-autoconfigure-spi-1.14.0.jar;C:\Windows\system32\config\systemprofile\.m2\repository\io\opentelemetry\opentelemetry-sdk-extension-autoconfigure\1.14.0-alpha\opentelemetry-sdk-extension-autoconfigure-1.14.0-alpha.jar;C:\Windows\system32\config\systemprofile\.m2\repository\io\opentelemetry\opentelemetry-sdk-trace\1.14.0\opentelemetry-sdk-trace-1.14.0.jar;C:\Windows\system32\config\systemprofile\.m2\repository\io\opentelemetry\opentelemetry-sdk\1.14.0\opentelemetry-sdk-1.14.0.jar;C:\Windows\system32\config\systemprofile\.m2\repository\io\opentelemetry\opentelemetry-semconv\1.14.0-alpha\opentelemetry-semconv-1.14.0-alpha.jar;C:\Windows\system32\config\systemprofile\.m2\repository\io\ous\jtoml\2.0.0\jtoml-2.0.0.jar;C:\Windows\system32\config\systemprofile\.m2\repository\net\bytebuddy\byte-buddy\1.12.10\byte-buddy-1.12.10.jar;C:\Windows\system32\config\systemprofile\.m2\repository\org\apache\commons\commons-exec\1.3\commons-exec-1.3.jar;C:\Windows\system32\config\systemprofile\.m2\repository\org\asynchttpclient\async-http-client\2.12.3\async-http-client-2.12.3.jar;C:\Windows\system32\config\systemprofile\.m2\repository\org\asynchttpclient\async-http-client-netty-utils\2.12.3\async-http-client-netty-utils-2.12.3.jar;C:\Windows\system32\config\systemprofile\.m2\repository\io\netty\netty-codec-socks\4.1.60.Final\netty-codec-socks-4.1.60.Final.jar;C:\Windows\system32\config\systemprofile\.m2\repository\io\netty\netty-handler-proxy\4.1.60.Final\netty-handler-proxy-4.1.60.Final.jar;C:\Windows\system32\config\systemprofile\.m2\repository\io\netty\netty-transport-native-epoll\4.1.60.Final\netty-transport-native-epoll-4.1.60.Final-linux-x86_64.jar;C:\Windows\system32\config\systemprofile\.m2\repository\io\netty\netty-transport-native-kqueue\4.1.60.Final\netty-transport-native-kqueue-4.1.60.Final-osx-x86_64.jar;C:\Windows\system32\config\systemprofile\.m2\repository\org\reactivestreams\reactive-streams\1.0.3\reactive-streams-1.0.3.jar;C:\Windows\system32\config\systemprofile\.m2\repository\com\typesafe\netty\netty-reactive-streams\2.0.4\netty-reactive-streams-2.0.4.jar;C:\Windows\system32\config\systemprofile\.m2\repository\com\sun\activation\jakarta.activation\1.2.2\jakarta.activation-1.2.2.jar;C:\Windows\system32\config\systemprofile\.m2\repository\org\seleniumhq\selenium\selenium-http\4.2.1\selenium-http-4.2.1.jar;C:\Windows\system32\config\systemprofile\.m2\repository\dev\failsafe\failsafe\3.2.4\failsafe-3.2.4.jar;C:\Windows\system32\config\systemprofile\.m2\repository\org\seleniumhq\selenium\selenium-safari-driver\4.2.1\selenium-safari-driver-4.2.1.jar;C:\Windows\system32\config\systemprofile\.m2\repository\org\seleniumhq\selenium\selenium-support\4.2.1\selenium-support-4.2.1.jar;C:\Windows\system32\config\systemprofile\.m2\repository\log4j\log4j\1.2.17\log4j-1.2.17.jar;C:\Windows\system32\config\systemprofile\.m2\repository\org\testng\testng\7.5\testng-7.5.jar;C:\Windows\system32\config\systemprofile\.m2\repository\com\google\code\findbugs\jsr305\3.0.1\jsr305-3.0.1.jar;C:\Windows\system32\config\systemprofile\.m2\repository\org\slf4j\slf4j-api\1.7.32\slf4j-api-1.7.32.jar;C:\Windows\system32\config\systemprofile\.m2\repository\com\beust\jcommander\1.78\jcommander-1.78.jar;C:\Windows\system32\config\systemprofile\.m2\repository\org\webjars\jquery\3.5.1\jquery-3.5.1.jar;"/>
    <property name="java.vm.vendor" value="Oracle Corporation"/>
    <property name="sun.arch.data.model" value="64"/>
    <property name="user.variant" value=""/>
    <property name="java.vendor.url" value="http://java.oracle.com/"/>
    <property name="user.timezone" value="Asia/Bangkok"/>
    <property name="java.vm.specification.version" value="1.8"/>
    <property name="os.name" value="Windows 10"/>
    <property name="user.country" value="US"/>
    <property name="sun.java.launcher" value="SUN_STANDARD"/>
    <property name="sun.boot.library.path" value="C:\Program Files\Java\jdk1.8.0_331\jre\bin"/>
    <property name="sun.java.command" value="C:\Windows\Temp\surefire5079588504284875019\surefirebooter5376483022630958624.jar C:\Windows\Temp\surefire5079588504284875019 2022-07-19T13-51-26_453-jvmRun1 surefire3488795655551888359tmp surefire_02624017392087040962tmp"/>
    <property name="surefire.test.class.path" value="C:\Users\huong.tran\eclipse-workspace\GWESTY\target\test-classes;C:\Users\huong.tran\eclipse-workspace\GWESTY\target\classes;C:\Windows\system32\config\systemprofile\.m2\repository\io\cucumber\cucumber-java\1.2.6\cucumber-java-1.2.6.jar;C:\Windows\system32\config\systemprofile\.m2\repository\io\cucumber\cucumber-core\1.2.6\cucumber-core-1.2.6.jar;C:\Windows\system32\config\systemprofile\.m2\repository\info\cukes\cucumber-html\0.2.3\cucumber-html-0.2.3.jar;C:\Windows\system32\config\systemprofile\.m2\repository\info\cukes\cucumber-jvm-deps\1.0.5\cucumber-jvm-deps-1.0.5.jar;C:\Windows\system32\config\systemprofile\.m2\repository\info\cukes\gherkin\2.12.2\gherkin-2.12.2.jar;C:\Windows\system32\config\systemprofile\.m2\repository\io\cucumber\cucumber-testng\1.2.6\cucumber-testng-1.2.6.jar;C:\Windows\system32\config\systemprofile\.m2\repository\io\cucumber\gherkin\22.0.0\gherkin-22.0.0.jar;C:\Windows\system32\config\systemprofile\.m2\repository\io\cucumber\messages\17.1.1\messages-17.1.1.jar;C:\Windows\system32\config\systemprofile\.m2\repository\org\seleniumhq\selenium\selenium-java\4.2.1\selenium-java-4.2.1.jar;C:\Windows\system32\config\systemprofile\.m2\repository\org\seleniumhq\selenium\selenium-api\4.2.1\selenium-api-4.2.1.jar;C:\Windows\system32\config\systemprofile\.m2\repository\org\seleniumhq\selenium\selenium-chrome-driver\4.2.1\selenium-chrome-driver-4.2.1.jar;C:\Windows\system32\config\systemprofile\.m2\repository\com\google\auto\service\auto-service-annotations\1.0.1\auto-service-annotations-1.0.1.jar;C:\Windows\system32\config\systemprofile\.m2\repository\com\google\auto\service\auto-service\1.0.1\auto-service-1.0.1.jar;C:\Windows\system32\config\systemprofile\.m2\repository\com\google\auto\auto-common\1.2\auto-common-1.2.jar;C:\Windows\system32\config\systemprofile\.m2\repository\com\google\guava\guava\31.1-jre\guava-31.1-jre.jar;C:\Windows\system32\config\systemprofile\.m2\repository\com\google\guava\failureaccess\1.0.1\failureaccess-1.0.1.jar;C:\Windows\system32\config\systemprofile\.m2\repository\com\google\guava\listenablefuture\9999.0-empty-to-avoid-conflict-with-guava\listenablefuture-9999.0-empty-to-avoid-conflict-with-guava.jar;C:\Windows\system32\config\systemprofile\.m2\repository\org\checkerframework\checker-qual\3.12.0\checker-qual-3.12.0.jar;C:\Windows\system32\config\systemprofile\.m2\repository\com\google\errorprone\error_prone_annotations\2.11.0\error_prone_annotations-2.11.0.jar;C:\Windows\system32\config\systemprofile\.m2\repository\com\google\j2objc\j2objc-annotations\1.3\j2objc-annotations-1.3.jar;C:\Windows\system32\config\systemprofile\.m2\repository\org\seleniumhq\selenium\selenium-chromium-driver\4.2.1\selenium-chromium-driver-4.2.1.jar;C:\Windows\system32\config\systemprofile\.m2\repository\org\seleniumhq\selenium\selenium-json\4.2.1\selenium-json-4.2.1.jar;C:\Windows\system32\config\systemprofile\.m2\repository\org\seleniumhq\selenium\selenium-devtools-v100\4.2.1\selenium-devtools-v100-4.2.1.jar;C:\Windows\system32\config\systemprofile\.m2\repository\org\seleniumhq\selenium\selenium-devtools-v101\4.2.1\selenium-devtools-v101-4.2.1.jar;C:\Windows\system32\config\systemprofile\.m2\repository\org\seleniumhq\selenium\selenium-devtools-v102\4.2.1\selenium-devtools-v102-4.2.1.jar;C:\Windows\system32\config\systemprofile\.m2\repository\org\seleniumhq\selenium\selenium-devtools-v85\4.2.1\selenium-devtools-v85-4.2.1.jar;C:\Windows\system32\config\systemprofile\.m2\repository\org\seleniumhq\selenium\selenium-edge-driver\4.2.1\selenium-edge-driver-4.2.1.jar;C:\Windows\system32\config\systemprofile\.m2\repository\org\seleniumhq\selenium\selenium-firefox-driver\4.2.1\selenium-firefox-driver-4.2.1.jar;C:\Windows\system32\config\systemprofile\.m2\repository\org\seleniumhq\selenium\selenium-ie-driver\4.2.1\selenium-ie-driver-4.2.1.jar;C:\Windows\system32\config\systemprofile\.m2\repository\org\seleniumhq\selenium\selenium-opera-driver\4.2.1\selenium-opera-driver-4.2.1.jar;C:\Windows\system32\config\systemprofile\.m2\repository\org\seleniumhq\selenium\selenium-remote-driver\4.2.1\selenium-remote-driver-4.2.1.jar;C:\Windows\system32\config\systemprofile\.m2\repository\io\netty\netty-buffer\4.1.77.Final\netty-buffer-4.1.77.Final.jar;C:\Windows\system32\config\systemprofile\.m2\repository\io\netty\netty-codec-http\4.1.77.Final\netty-codec-http-4.1.77.Final.jar;C:\Windows\system32\config\systemprofile\.m2\repository\io\netty\netty-codec\4.1.77.Final\netty-codec-4.1.77.Final.jar;C:\Windows\system32\config\systemprofile\.m2\repository\io\netty\netty-handler\4.1.77.Final\netty-handler-4.1.77.Final.jar;C:\Windows\system32\config\systemprofile\.m2\repository\io\netty\netty-common\4.1.77.Final\netty-common-4.1.77.Final.jar;C:\Windows\system32\config\systemprofile\.m2\repository\io\netty\netty-transport-classes-epoll\4.1.77.Final\netty-transport-classes-epoll-4.1.77.Final.jar;C:\Windows\system32\config\systemprofile\.m2\repository\io\netty\netty-transport-classes-kqueue\4.1.77.Final\netty-transport-classes-kqueue-4.1.77.Final.jar;C:\Windows\system32\config\systemprofile\.m2\repository\io\netty\netty-transport-native-epoll\4.1.77.Final\netty-transport-native-epoll-4.1.77.Final.jar;C:\Windows\system32\config\systemprofile\.m2\repository\io\netty\netty-transport-native-kqueue\4.1.77.Final\netty-transport-native-kqueue-4.1.77.Final.jar;C:\Windows\system32\config\systemprofile\.m2\repository\io\netty\netty-transport-native-unix-common\4.1.77.Final\netty-transport-native-unix-common-4.1.77.Final.jar;C:\Windows\system32\config\systemprofile\.m2\repository\io\netty\netty-transport\4.1.77.Final\netty-transport-4.1.77.Final.jar;C:\Windows\system32\config\systemprofile\.m2\repository\io\netty\netty-resolver\4.1.77.Final\netty-resolver-4.1.77.Final.jar;C:\Windows\system32\config\systemprofile\.m2\repository\io\opentelemetry\opentelemetry-api\1.14.0\opentelemetry-api-1.14.0.jar;C:\Windows\system32\config\systemprofile\.m2\repository\io\opentelemetry\opentelemetry-context\1.14.0\opentelemetry-context-1.14.0.jar;C:\Windows\system32\config\systemprofile\.m2\repository\io\opentelemetry\opentelemetry-exporter-logging\1.14.0\opentelemetry-exporter-logging-1.14.0.jar;C:\Windows\system32\config\systemprofile\.m2\repository\io\opentelemetry\opentelemetry-sdk-metrics\1.14.0\opentelemetry-sdk-metrics-1.14.0.jar;C:\Windows\system32\config\systemprofile\.m2\repository\io\opentelemetry\opentelemetry-sdk-logs\1.14.0-alpha\opentelemetry-sdk-logs-1.14.0-alpha.jar;C:\Windows\system32\config\systemprofile\.m2\repository\io\opentelemetry\opentelemetry-sdk-common\1.14.0\opentelemetry-sdk-common-1.14.0.jar;C:\Windows\system32\config\systemprofile\.m2\repository\io\opentelemetry\opentelemetry-sdk-extension-autoconfigure-spi\1.14.0\opentelemetry-sdk-extension-autoconfigure-spi-1.14.0.jar;C:\Windows\system32\config\systemprofile\.m2\repository\io\opentelemetry\opentelemetry-sdk-extension-autoconfigure\1.14.0-alpha\opentelemetry-sdk-extension-autoconfigure-1.14.0-alpha.jar;C:\Windows\system32\config\systemprofile\.m2\repository\io\opentelemetry\opentelemetry-sdk-trace\1.14.0\opentelemetry-sdk-trace-1.14.0.jar;C:\Windows\system32\config\systemprofile\.m2\repository\io\opentelemetry\opentelemetry-sdk\1.14.0\opentelemetry-sdk-1.14.0.jar;C:\Windows\system32\config\systemprofile\.m2\repository\io\opentelemetry\opentelemetry-semconv\1.14.0-alpha\opentelemetry-semconv-1.14.0-alpha.jar;C:\Windows\system32\config\systemprofile\.m2\repository\io\ous\jtoml\2.0.0\jtoml-2.0.0.jar;C:\Windows\system32\config\systemprofile\.m2\repository\net\bytebuddy\byte-buddy\1.12.10\byte-buddy-1.12.10.jar;C:\Windows\system32\config\systemprofile\.m2\repository\org\apache\commons\commons-exec\1.3\commons-exec-1.3.jar;C:\Windows\system32\config\systemprofile\.m2\repository\org\asynchttpclient\async-http-client\2.12.3\async-http-client-2.12.3.jar;C:\Windows\system32\config\systemprofile\.m2\repository\org\asynchttpclient\async-http-client-netty-utils\2.12.3\async-http-client-netty-utils-2.12.3.jar;C:\Windows\system32\config\systemprofile\.m2\repository\io\netty\netty-codec-socks\4.1.60.Final\netty-codec-socks-4.1.60.Final.jar;C:\Windows\system32\config\systemprofile\.m2\repository\io\netty\netty-handler-proxy\4.1.60.Final\netty-handler-proxy-4.1.60.Final.jar;C:\Windows\system32\config\systemprofile\.m2\repository\io\netty\netty-transport-native-epoll\4.1.60.Final\netty-transport-native-epoll-4.1.60.Final-linux-x86_64.jar;C:\Windows\system32\config\systemprofile\.m2\repository\io\netty\netty-transport-native-kqueue\4.1.60.Final\netty-transport-native-kqueue-4.1.60.Final-osx-x86_64.jar;C:\Windows\system32\config\systemprofile\.m2\repository\org\reactivestreams\reactive-streams\1.0.3\reactive-streams-1.0.3.jar;C:\Windows\system32\config\systemprofile\.m2\repository\com\typesafe\netty\netty-reactive-streams\2.0.4\netty-reactive-streams-2.0.4.jar;C:\Windows\system32\config\systemprofile\.m2\repository\com\sun\activation\jakarta.activation\1.2.2\jakarta.activation-1.2.2.jar;C:\Windows\system32\config\systemprofile\.m2\repository\org\seleniumhq\selenium\selenium-http\4.2.1\selenium-http-4.2.1.jar;C:\Windows\system32\config\systemprofile\.m2\repository\dev\failsafe\failsafe\3.2.4\failsafe-3.2.4.jar;C:\Windows\system32\config\systemprofile\.m2\repository\org\seleniumhq\selenium\selenium-safari-driver\4.2.1\selenium-safari-driver-4.2.1.jar;C:\Windows\system32\config\systemprofile\.m2\repository\org\seleniumhq\selenium\selenium-support\4.2.1\selenium-support-4.2.1.jar;C:\Windows\system32\config\systemprofile\.m2\repository\log4j\log4j\1.2.17\log4j-1.2.17.jar;C:\Windows\system32\config\systemprofile\.m2\repository\org\testng\testng\7.5\testng-7.5.jar;C:\Windows\system32\config\systemprofile\.m2\repository\com\google\code\findbugs\jsr305\3.0.1\jsr305-3.0.1.jar;C:\Windows\system32\config\systemprofile\.m2\repository\org\slf4j\slf4j-api\1.7.32\slf4j-api-1.7.32.jar;C:\Windows\system32\config\systemprofile\.m2\repository\com\beust\jcommander\1.78\jcommander-1.78.jar;C:\Windows\system32\config\systemprofile\.m2\repository\org\webjars\jquery\3.5.1\jquery-3.5.1.jar;"/>
    <property name="sun.cpu.endian" value="little"/>
    <property name="user.home" value="C:\Windows\system32\config\systemprofile"/>
    <property name="user.language" value="en"/>
    <property name="java.specification.vendor" value="Oracle Corporation"/>
    <property name="java.home" value="C:\Program Files\Java\jdk1.8.0_331\jre"/>
    <property name="basedir" value="C:\Users\huong.tran\eclipse-workspace\GWESTY"/>
    <property name="file.separator" value="\"/>
    <property name="line.separator" value="&#10;"/>
    <property name="java.vm.specification.vendor" value="Oracle Corporation"/>
    <property name="java.specification.name" value="Java Platform API Specification"/>
    <property name="java.awt.graphicsenv" value="sun.awt.Win32GraphicsEnvironment"/>
    <property name="surefire.real.class.path" value="C:\Windows\Temp\surefire5079588504284875019\surefirebooter5376483022630958624.jar"/>
    <property name="sun.boot.class.path" value="C:\Program Files\Java\jdk1.8.0_331\jre\lib\resources.jar;C:\Program Files\Java\jdk1.8.0_331\jre\lib\rt.jar;C:\Program Files\Java\jdk1.8.0_331\jre\lib\sunrsasign.jar;C:\Program Files\Java\jdk1.8.0_331\jre\lib\jsse.jar;C:\Program Files\Java\jdk1.8.0_331\jre\lib\jce.jar;C:\Program Files\Java\jdk1.8.0_331\jre\lib\charsets.jar;C:\Program Files\Java\jdk1.8.0_331\jre\lib\jfr.jar;C:\Program Files\Java\jdk1.8.0_331\jre\classes"/>
    <property name="user.script" value=""/>
    <property name="sun.management.compiler" value="HotSpot 64-Bit Tiered Compilers"/>
    <property name="java.runtime.version" value="1.8.0_331-b09"/>
    <property name="user.name" value="DD-HUONGTHT1$"/>
    <property name="path.separator" value=";"/>
    <property name="os.version" value="10.0"/>
    <property name="java.endorsed.dirs" value="C:\Program Files\Java\jdk1.8.0_331\jre\lib\endorsed"/>
    <property name="java.runtime.name" value="Java(TM) SE Runtime Environment"/>
    <property name="file.encoding" value="Cp1252"/>
    <property name="java.vm.name" value="Java HotSpot(TM) 64-Bit Server VM"/>
    <property name="localRepository" value="C:\Windows\system32\config\systemprofile\.m2\repository"/>
    <property name="java.vendor.url.bug" value="http://bugreport.sun.com/bugreport/"/>
    <property name="java.io.tmpdir" value="C:\Windows\TEMP\"/>
    <property name="java.version" value="1.8.0_331"/>
    <property name="user.dir" value="C:\Users\huong.tran\eclipse-workspace\GWESTY"/>
    <property name="os.arch" value="amd64"/>
    <property name="java.vm.specification.name" value="Java Virtual Machine Specification"/>
    <property name="java.awt.printerjob" value="sun.awt.windows.WPrinterJob"/>
    <property name="sun.os.patch.level" value=""/>
    <property name="java.library.path" value="C:\Program Files\Java\jdk1.8.0_331\jre\bin;C:\Windows\Sun\Java\bin;C:\Windows\system32;C:\Windows;C:\Program Files (x86)\Common Files\Oracle\Java\javapath;C:\Windows\system32;C:\Windows;C:\Windows\System32\Wbem;C:\Windows\System32\WindowsPowerShell\v1.0\;C:\Windows\System32\OpenSSH\;C:\Program Files\Microsoft SQL Server\150\Tools\Binn\;C:\Program Files\Microsoft SQL Server\Client SDK\ODBC\170\Tools\Binn\;C:\Program Files\dotnet\;C:\Program Files\Java\jdk1.8.0_331\bin;C:\Tools\apache-maven-3.8.5\bin;C:\Program Files\Git\cmd;C:\Windows\system32\config\systemprofile\AppData\Local\Microsoft\WindowsApps;."/>
    <property name="java.vm.info" value="mixed mode"/>
    <property name="java.vendor" value="Oracle Corporation"/>
    <property name="java.vm.version" value="25.331-b09"/>
    <property name="java.ext.dirs" value="C:\Program Files\Java\jdk1.8.0_331\jre\lib\ext;C:\Windows\Sun\Java\lib\ext"/>
    <property name="sun.io.unicode.encoding" value="UnicodeLittle"/>
    <property name="java.class.version" value="52.0"/>
  </properties>
  <testcase name="feature[As a role of admin, I can search booking with booking number](1)" classname="com.cucumberFramework.testRunner.TestRunner" time="13.691">
    <system-out><![CDATA[2022-07-19 13:07:433 INFO  WaitHelper :23 - waiting for element visibilityOf..
2022-07-19 13:07:550 INFO  WaitHelper :26 - element is visible..
2022-07-19 13:07:646 INFO  WaitHelper :23 - waiting for element visibilityOf..
2022-07-19 13:07:250 INFO  WaitHelper :26 - element is visible..
2022-07-19 13:07:332 INFO  WaitHelper :23 - waiting for element visibilityOf..
2022-07-19 13:07:372 INFO  WaitHelper :26 - element is visible..
2022-07-19 13:07:457 INFO  WaitHelper :23 - waiting for element visibilityOf..
2022-07-19 13:07:523 INFO  WaitHelper :26 - element is visible..
2022-07-19 13:07:957 INFO  WaitHelper :23 - waiting for element visibilityOf..
2022-07-19 13:07:998 INFO  WaitHelper :26 - element is visible..
2022-07-19 13:07:87 INFO  WaitHelper :23 - waiting for element visibilityOf..
2022-07-19 13:07:143 INFO  WaitHelper :26 - element is visible..
2022-07-19 13:07:549 INFO  WaitHelper :23 - waiting for element visibilityOf..
2022-07-19 13:07:607 INFO  WaitHelper :26 - element is visible..
2022-07-19 13:07:694 INFO  WaitHelper :23 - waiting for element visibilityOf..
2022-07-19 13:07:722 INFO  WaitHelper :26 - element is visible..
2022-07-19 13:07:81 INFO  WaitHelper :23 - waiting for element visibilityOf..
2022-07-19 13:07:130 INFO  WaitHelper :26 - element is visible..
2022-07-19 13:07:160 INFO  WaitHelper :23 - waiting for element visibilityOf..
2022-07-19 13:07:197 INFO  WaitHelper :26 - element is visible..
2022-07-19 13:07:248 INFO  ServiceHooks :43 - Verify search function when providing valid booking number is pass
]]></system-out>
    <system-err><![CDATA[SLF4J: Failed to load class "org.slf4j.impl.StaticLoggerBinder".
SLF4J: Defaulting to no-operation (NOP) logger implementation
SLF4J: See http://www.slf4j.org/codes.html#StaticLoggerBinder for further details.
Starting ChromeDriver 103.0.5060.53 (a1711811edd74ff1cf2150f36ffa3b0dae40b17f-refs/branch-heads/5060@{#853}) on port 54066
Only local connections are allowed.
Please see https://chromedriver.chromium.org/security-considerations for suggestions on keeping ChromeDriver safe.
ChromeDriver was started successfully.
Jul 19, 2022 1:51:33 PM org.openqa.selenium.remote.ProtocolHandshake createSession
INFO: Detected upstream dialect: W3C
Jul 19, 2022 1:51:33 PM org.openqa.selenium.devtools.CdpVersionFinder findNearestMatch
WARNING: Unable to find an exact match for CDP version 103, so returning the closest version found: 102
Jul 19, 2022 1:51:33 PM org.openqa.selenium.devtools.CdpVersionFinder findNearestMatch
INFO: Found CDP implementation for version 103 of 102
]]></system-err>
  </testcase>
  <testcase name="feature[As a customer role, i can cancel booking](2)" classname="com.cucumberFramework.testRunner.TestRunner" time="16.921">
    <system-out><![CDATA[2022-07-19 13:07:385 INFO  WaitHelper :23 - waiting for element visibilityOf..
2022-07-19 13:07:436 INFO  WaitHelper :26 - element is visible..
2022-07-19 13:07:533 INFO  WaitHelper :23 - waiting for element visibilityOf..
2022-07-19 13:07:115 INFO  WaitHelper :26 - element is visible..
2022-07-19 13:07:209 INFO  WaitHelper :23 - waiting for element visibilityOf..
2022-07-19 13:07:240 INFO  WaitHelper :26 - element is visible..
2022-07-19 13:07:336 INFO  WaitHelper :23 - waiting for element visibilityOf..
2022-07-19 13:07:388 INFO  WaitHelper :26 - element is visible..
2022-07-19 13:07:454 INFO  WaitHelper :23 - waiting for element visibilityOf..
2022-07-19 13:07:497 INFO  WaitHelper :26 - element is visible..
2022-07-19 13:07:575 INFO  WaitHelper :23 - waiting for element visibilityOf..
2022-07-19 13:07:645 INFO  WaitHelper :26 - element is visible..
2022-07-19 13:07:111 INFO  WaitHelper :23 - waiting for element visibilityOf..
2022-07-19 13:07:137 INFO  WaitHelper :26 - element is visible..
2022-07-19 13:07:484 INFO  WaitHelper :23 - waiting for element visibilityOf..
2022-07-19 13:07:524 INFO  WaitHelper :26 - element is visible..
2022-07-19 13:07:278 INFO  ServiceHooks :43 - Verify that users can cancel a booking if check-in date has not come yet is pass
]]></system-out>
    <system-err><![CDATA[Starting ChromeDriver 103.0.5060.53 (a1711811edd74ff1cf2150f36ffa3b0dae40b17f-refs/branch-heads/5060@{#853}) on port 57876
Only local connections are allowed.
Please see https://chromedriver.chromium.org/security-considerations for suggestions on keeping ChromeDriver safe.
ChromeDriver was started successfully.
Jul 19, 2022 1:51:44 PM org.openqa.selenium.remote.ProtocolHandshake createSession
INFO: Detected upstream dialect: W3C
Jul 19, 2022 1:51:44 PM org.openqa.selenium.devtools.CdpVersionFinder findNearestMatch
WARNING: Unable to find an exact match for CDP version 103, so returning the closest version found: 102
Jul 19, 2022 1:51:44 PM org.openqa.selenium.devtools.CdpVersionFinder findNearestMatch
INFO: Found CDP implementation for version 103 of 102
]]></system-err>
  </testcase>
  <testcase name="feature[As a role of admin, i check the &quot;Total&quot; is correctly calculated](3)" classname="com.cucumberFramework.testRunner.TestRunner" time="10.645">
    <system-out><![CDATA[2022-07-19 13:07:196 INFO  WaitHelper :23 - waiting for element visibilityOf..
2022-07-19 13:07:252 INFO  WaitHelper :26 - element is visible..
2022-07-19 13:07:339 INFO  WaitHelper :23 - waiting for element visibilityOf..
2022-07-19 13:07:913 INFO  WaitHelper :26 - element is visible..
2022-07-19 13:07:996 INFO  WaitHelper :23 - waiting for element visibilityOf..
2022-07-19 13:07:29 INFO  WaitHelper :26 - element is visible..
2022-07-19 13:07:116 INFO  WaitHelper :23 - waiting for element visibilityOf..
2022-07-19 13:07:186 INFO  WaitHelper :26 - element is visible..
2022-07-19 13:07:449 INFO  WaitHelper :23 - waiting for element visibilityOf..
2022-07-19 13:07:492 INFO  WaitHelper :26 - element is visible..
2022-07-19 13:07:564 INFO  WaitHelper :23 - waiting for element visibilityOf..
2022-07-19 13:07:630 INFO  WaitHelper :26 - element is visible..
2022-07-19 13:07:991 INFO  WaitHelper :23 - waiting for element visibilityOf..
2022-07-19 13:07:21 INFO  WaitHelper :26 - element is visible..
2022-07-19 13:07:240 INFO  WaitHelper :23 - waiting for element visibilityOf..
2022-07-19 13:07:267 INFO  WaitHelper :26 - element is visible..
947.1
2022-07-19 13:07:931 INFO  ServiceHooks :43 - Verify that the Total on the Booking Details page is correctly calculated is pass
]]></system-out>
    <system-err><![CDATA[Starting ChromeDriver 103.0.5060.53 (a1711811edd74ff1cf2150f36ffa3b0dae40b17f-refs/branch-heads/5060@{#853}) on port 62127
Only local connections are allowed.
Please see https://chromedriver.chromium.org/security-considerations for suggestions on keeping ChromeDriver safe.
ChromeDriver was started successfully.
Jul 19, 2022 1:52:01 PM org.openqa.selenium.remote.ProtocolHandshake createSession
INFO: Detected upstream dialect: W3C
Jul 19, 2022 1:52:01 PM org.openqa.selenium.devtools.CdpVersionFinder findNearestMatch
WARNING: Unable to find an exact match for CDP version 103, so returning the closest version found: 102
Jul 19, 2022 1:52:01 PM org.openqa.selenium.devtools.CdpVersionFinder findNearestMatch
INFO: Found CDP implementation for version 103 of 102
]]></system-err>
  </testcase>
  <testcase name="feature[As a Gwesty customer and admin, I should be able to login and logout with valid credentials](4)" classname="com.cucumberFramework.testRunner.TestRunner" time="38.871">
    <system-out><![CDATA[2022-07-19 13:07:502 INFO  WaitHelper :23 - waiting for element visibilityOf..
2022-07-19 13:07:543 INFO  WaitHelper :26 - element is visible..
2022-07-19 13:07:633 INFO  WaitHelper :23 - waiting for element visibilityOf..
2022-07-19 13:07:211 INFO  WaitHelper :26 - element is visible..
2022-07-19 13:07:239 INFO  WaitHelper :23 - waiting for element visibilityOf..
2022-07-19 13:07:297 INFO  WaitHelper :26 - element is visible..
2022-07-19 13:07:395 INFO  WaitHelper :23 - waiting for element visibilityOf..
2022-07-19 13:07:430 INFO  WaitHelper :26 - element is visible..
2022-07-19 13:07:538 INFO  WaitHelper :23 - waiting for element visibilityOf..
2022-07-19 13:07:572 INFO  WaitHelper :26 - element is visible..
2022-07-19 13:07:655 INFO  WaitHelper :23 - waiting for element visibilityOf..
2022-07-19 13:07:686 INFO  WaitHelper :26 - element is visible..
2022-07-19 13:07:300 INFO  WaitHelper :23 - waiting for element visibilityOf..
2022-07-19 13:07:346 INFO  WaitHelper :26 - element is visible..
2022-07-19 13:07:389 INFO  WaitHelper :23 - waiting for element visibilityOf..
2022-07-19 13:07:456 INFO  WaitHelper :26 - element is visible..
2022-07-19 13:07:617 INFO  WaitHelper :23 - waiting for element visibilityOf..
2022-07-19 13:07:686 INFO  WaitHelper :26 - element is visible..
2022-07-19 13:07:962 INFO  WaitHelper :23 - waiting for element visibilityOf..
2022-07-19 13:07:997 INFO  WaitHelper :26 - element is visible..
2022-07-19 13:07:21 INFO  ServiceHooks :43 - Login into the application as customer role with valid credentials and logout is pass
2022-07-19 13:07:389 INFO  WaitHelper :23 - waiting for element visibilityOf..
2022-07-19 13:07:443 INFO  WaitHelper :26 - element is visible..
2022-07-19 13:07:559 INFO  WaitHelper :23 - waiting for element visibilityOf..
2022-07-19 13:07:180 INFO  WaitHelper :26 - element is visible..
2022-07-19 13:07:223 INFO  WaitHelper :23 - waiting for element visibilityOf..
2022-07-19 13:07:277 INFO  WaitHelper :26 - element is visible..
2022-07-19 13:07:371 INFO  WaitHelper :23 - waiting for element visibilityOf..
2022-07-19 13:07:405 INFO  WaitHelper :26 - element is visible..
2022-07-19 13:07:505 INFO  WaitHelper :23 - waiting for element visibilityOf..
2022-07-19 13:07:540 INFO  WaitHelper :26 - element is visible..
2022-07-19 13:07:611 INFO  WaitHelper :23 - waiting for element visibilityOf..
2022-07-19 13:07:636 INFO  WaitHelper :26 - element is visible..
2022-07-19 13:07:864 INFO  WaitHelper :23 - waiting for element visibilityOf..
2022-07-19 13:07:895 INFO  WaitHelper :26 - element is visible..
2022-07-19 13:07:918 INFO  WaitHelper :23 - waiting for element visibilityOf..
2022-07-19 13:07:959 INFO  WaitHelper :26 - element is visible..
2022-07-19 13:07:38 INFO  WaitHelper :23 - waiting for element visibilityOf..
2022-07-19 13:07:94 INFO  WaitHelper :26 - element is visible..
2022-07-19 13:07:881 INFO  WaitHelper :23 - waiting for element visibilityOf..
2022-07-19 13:07:905 INFO  WaitHelper :26 - element is visible..
2022-07-19 13:07:928 INFO  ServiceHooks :43 - Login into the application as admin role with valid credentials and logout is pass
2022-07-19 13:07:555 INFO  WaitHelper :23 - waiting for element visibilityOf..
2022-07-19 13:07:615 INFO  WaitHelper :26 - element is visible..
2022-07-19 13:07:707 INFO  WaitHelper :23 - waiting for element visibilityOf..
2022-07-19 13:07:276 INFO  WaitHelper :26 - element is visible..
2022-07-19 13:07:305 INFO  WaitHelper :23 - waiting for element visibilityOf..
2022-07-19 13:07:333 INFO  WaitHelper :26 - element is visible..
2022-07-19 13:07:421 INFO  WaitHelper :23 - waiting for element visibilityOf..
2022-07-19 13:07:444 INFO  WaitHelper :26 - element is visible..
2022-07-19 13:07:494 INFO  WaitHelper :23 - waiting for element visibilityOf..
2022-07-19 13:07:538 INFO  WaitHelper :26 - element is visible..
2022-07-19 13:07:598 INFO  WaitHelper :23 - waiting for element visibilityOf..
2022-07-19 13:07:636 INFO  WaitHelper :26 - element is visible..
Error: Wrong username or password !!!
2022-07-19 13:07:667 INFO  ServiceHooks :43 - Login into the application with invalid credentials in these Wrong username is pass
2022-07-19 13:07:114 INFO  WaitHelper :23 - waiting for element visibilityOf..
2022-07-19 13:07:167 INFO  WaitHelper :26 - element is visible..
2022-07-19 13:07:279 INFO  WaitHelper :23 - waiting for element visibilityOf..
2022-07-19 13:07:873 INFO  WaitHelper :26 - element is visible..
2022-07-19 13:07:907 INFO  WaitHelper :23 - waiting for element visibilityOf..
2022-07-19 13:07:941 INFO  WaitHelper :26 - element is visible..
2022-07-19 13:07:35 INFO  WaitHelper :23 - waiting for element visibilityOf..
2022-07-19 13:07:61 INFO  WaitHelper :26 - element is visible..
2022-07-19 13:07:115 INFO  WaitHelper :23 - waiting for element visibilityOf..
2022-07-19 13:07:164 INFO  WaitHelper :26 - element is visible..
2022-07-19 13:07:387 INFO  WaitHelper :23 - waiting for element visibilityOf..
2022-07-19 13:07:453 INFO  WaitHelper :26 - element is visible..
Error: Wrong username or password !!!
2022-07-19 13:07:488 INFO  ServiceHooks :43 - Login into the application with invalid credentials in these Wrong password is pass
2022-07-19 13:07:216 INFO  WaitHelper :23 - waiting for element visibilityOf..
2022-07-19 13:07:267 INFO  WaitHelper :26 - element is visible..
2022-07-19 13:07:378 INFO  WaitHelper :23 - waiting for element visibilityOf..
2022-07-19 13:07:971 INFO  WaitHelper :26 - element is visible..
2022-07-19 13:07:06 INFO  WaitHelper :23 - waiting for element visibilityOf..
2022-07-19 13:07:58 INFO  WaitHelper :26 - element is visible..
2022-07-19 13:07:165 INFO  WaitHelper :23 - waiting for element visibilityOf..
2022-07-19 13:07:200 INFO  WaitHelper :26 - element is visible..
2022-07-19 13:07:281 INFO  WaitHelper :23 - waiting for element visibilityOf..
2022-07-19 13:07:344 INFO  WaitHelper :26 - element is visible..
2022-07-19 13:07:644 INFO  WaitHelper :23 - waiting for element visibilityOf..
2022-07-19 13:07:695 INFO  WaitHelper :26 - element is visible..
Error: Wrong username or password !!!
2022-07-19 13:07:733 INFO  ServiceHooks :43 - Login into the application with invalid credentials in these Wrong username and password is pass
]]></system-out>
    <system-err><![CDATA[Starting ChromeDriver 103.0.5060.53 (a1711811edd74ff1cf2150f36ffa3b0dae40b17f-refs/branch-heads/5060@{#853}) on port 61185
Only local connections are allowed.
Please see https://chromedriver.chromium.org/security-considerations for suggestions on keeping ChromeDriver safe.
ChromeDriver was started successfully.
Jul 19, 2022 1:52:12 PM org.openqa.selenium.remote.ProtocolHandshake createSession
INFO: Detected upstream dialect: W3C
Jul 19, 2022 1:52:12 PM org.openqa.selenium.devtools.CdpVersionFinder findNearestMatch
WARNING: Unable to find an exact match for CDP version 103, so returning the closest version found: 102
Jul 19, 2022 1:52:12 PM org.openqa.selenium.devtools.CdpVersionFinder findNearestMatch
INFO: Found CDP implementation for version 103 of 102
Starting ChromeDriver 103.0.5060.53 (a1711811edd74ff1cf2150f36ffa3b0dae40b17f-refs/branch-heads/5060@{#853}) on port 56292
Only local connections are allowed.
Please see https://chromedriver.chromium.org/security-considerations for suggestions on keeping ChromeDriver safe.
ChromeDriver was started successfully.
Jul 19, 2022 1:52:21 PM org.openqa.selenium.remote.ProtocolHandshake createSession
INFO: Detected upstream dialect: W3C
Jul 19, 2022 1:52:21 PM org.openqa.selenium.devtools.CdpVersionFinder findNearestMatch
WARNING: Unable to find an exact match for CDP version 103, so returning the closest version found: 102
Jul 19, 2022 1:52:21 PM org.openqa.selenium.devtools.CdpVersionFinder findNearestMatch
INFO: Found CDP implementation for version 103 of 102
Starting ChromeDriver 103.0.5060.53 (a1711811edd74ff1cf2150f36ffa3b0dae40b17f-refs/branch-heads/5060@{#853}) on port 60612
Only local connections are allowed.
Please see https://chromedriver.chromium.org/security-considerations for suggestions on keeping ChromeDriver safe.
ChromeDriver was started successfully.
Jul 19, 2022 1:52:30 PM org.openqa.selenium.remote.ProtocolHandshake createSession
INFO: Detected upstream dialect: W3C
Jul 19, 2022 1:52:30 PM org.openqa.selenium.devtools.CdpVersionFinder findNearestMatch
WARNING: Unable to find an exact match for CDP version 103, so returning the closest version found: 102
Jul 19, 2022 1:52:30 PM org.openqa.selenium.devtools.CdpVersionFinder findNearestMatch
INFO: Found CDP implementation for version 103 of 102
Starting ChromeDriver 103.0.5060.53 (a1711811edd74ff1cf2150f36ffa3b0dae40b17f-refs/branch-heads/5060@{#853}) on port 57095
Only local connections are allowed.
Please see https://chromedriver.chromium.org/security-considerations for suggestions on keeping ChromeDriver safe.
ChromeDriver was started successfully.
Jul 19, 2022 1:52:36 PM org.openqa.selenium.remote.ProtocolHandshake createSession
INFO: Detected upstream dialect: W3C
Jul 19, 2022 1:52:36 PM org.openqa.selenium.devtools.CdpVersionFinder findNearestMatch
WARNING: Unable to find an exact match for CDP version 103, so returning the closest version found: 102
Jul 19, 2022 1:52:36 PM org.openqa.selenium.devtools.CdpVersionFinder findNearestMatch
INFO: Found CDP implementation for version 103 of 102
Starting ChromeDriver 103.0.5060.53 (a1711811edd74ff1cf2150f36ffa3b0dae40b17f-refs/branch-heads/5060@{#853}) on port 63022
Only local connections are allowed.
Please see https://chromedriver.chromium.org/security-considerations for suggestions on keeping ChromeDriver safe.
ChromeDriver was started successfully.
Jul 19, 2022 1:52:43 PM org.openqa.selenium.remote.ProtocolHandshake createSession
INFO: Detected upstream dialect: W3C
Jul 19, 2022 1:52:43 PM org.openqa.selenium.devtools.CdpVersionFinder findNearestMatch
WARNING: Unable to find an exact match for CDP version 103, so returning the closest version found: 102
Jul 19, 2022 1:52:43 PM org.openqa.selenium.devtools.CdpVersionFinder findNearestMatch
INFO: Found CDP implementation for version 103 of 102
]]></system-err>
  </testcase>
  <testcase name="feature[As a customer, I should be able to search for available room](5)" classname="com.cucumberFramework.testRunner.TestRunner" time="10.563">
    <system-out><![CDATA[2022-07-19 13:07:966 INFO  WaitHelper :23 - waiting for element visibilityOf..
2022-07-19 13:07:13 INFO  WaitHelper :26 - element is visible..
2022-07-19 13:07:111 INFO  WaitHelper :23 - waiting for element visibilityOf..
2022-07-19 13:07:680 INFO  WaitHelper :26 - element is visible..
2022-07-19 13:07:829 INFO  WaitHelper :23 - waiting for element visibilityOf..
2022-07-19 13:07:864 INFO  WaitHelper :26 - element is visible..
2022-07-19 13:07:949 INFO  WaitHelper :23 - waiting for element visibilityOf..
2022-07-19 13:07:03 INFO  WaitHelper :26 - element is visible..
2022-07-19 13:07:97 INFO  WaitHelper :23 - waiting for element visibilityOf..
2022-07-19 13:07:129 INFO  WaitHelper :26 - element is visible..
2022-07-19 13:07:330 INFO  WaitHelper :23 - waiting for element visibilityOf..
2022-07-19 13:07:397 INFO  WaitHelper :26 - element is visible..
2022-07-19 13:07:510 INFO  WaitHelper :23 - waiting for element visibilityOf..
2022-07-19 13:07:540 INFO  WaitHelper :26 - element is visible..
2022-07-19 13:07:611 INFO  WaitHelper :23 - waiting for element visibilityOf..
2022-07-19 13:07:643 INFO  WaitHelper :26 - element is visible..
2022-07-19 13:07:715 INFO  WaitHelper :23 - waiting for element visibilityOf..
2022-07-19 13:07:762 INFO  WaitHelper :26 - element is visible..
Abc
5
5
500.5
Deluxe Twin
2
2
250.0
Superior City View
2
2
150.0
Junior Suite
2
1
200.0

2
2
600.0
2022-07-19 13:07:89 INFO  WaitHelper :23 - waiting for element visibilityOf..
2022-07-19 13:07:103 INFO  WaitHelper :26 - element is visible..
2022-07-19 13:07:198 INFO  ServiceHooks :43 - Verify if customer can search for available room is pass
]]></system-out>
    <system-err><![CDATA[Starting ChromeDriver 103.0.5060.53 (a1711811edd74ff1cf2150f36ffa3b0dae40b17f-refs/branch-heads/5060@{#853}) on port 64709
Only local connections are allowed.
Please see https://chromedriver.chromium.org/security-considerations for suggestions on keeping ChromeDriver safe.
ChromeDriver was started successfully.
Jul 19, 2022 1:52:51 PM org.openqa.selenium.remote.ProtocolHandshake createSession
INFO: Detected upstream dialect: W3C
Jul 19, 2022 1:52:51 PM org.openqa.selenium.devtools.CdpVersionFinder findNearestMatch
WARNING: Unable to find an exact match for CDP version 103, so returning the closest version found: 102
Jul 19, 2022 1:52:51 PM org.openqa.selenium.devtools.CdpVersionFinder findNearestMatch
INFO: Found CDP implementation for version 103 of 102
]]></system-err>
  </testcase>
  <testcase name="feature[As a guest and as a customer, I should be able to search for available room, booking and make payment](6)" classname="com.cucumberFramework.testRunner.TestRunner" time="58.169">
    <system-out><![CDATA[2022-07-19 13:07:303 INFO  WaitHelper :23 - waiting for element visibilityOf..
2022-07-19 13:07:353 INFO  WaitHelper :26 - element is visible..
2022-07-19 13:07:517 INFO  WaitHelper :23 - waiting for element visibilityOf..
2022-07-19 13:07:563 INFO  WaitHelper :26 - element is visible..
2022-07-19 13:07:680 INFO  WaitHelper :23 - waiting for element visibilityOf..
2022-07-19 13:07:722 INFO  WaitHelper :26 - element is visible..
2022-07-19 13:07:798 INFO  WaitHelper :23 - waiting for element visibilityOf..
2022-07-19 13:07:826 INFO  WaitHelper :26 - element is visible..
2022-07-19 13:07:898 INFO  WaitHelper :23 - waiting for element visibilityOf..
2022-07-19 13:07:939 INFO  WaitHelper :26 - element is visible..
2022-07-19 13:07:398 INFO  WaitHelper :23 - waiting for element visibilityOf..
2022-07-19 13:07:428 INFO  WaitHelper :26 - element is visible..
2022-07-19 13:07:202 INFO  WaitHelper :23 - waiting for element visibilityOf..
2022-07-19 13:07:249 INFO  WaitHelper :26 - element is visible..
2022-07-19 13:07:277 INFO  WaitHelper :23 - waiting for element visibilityOf..
2022-07-19 13:07:316 INFO  WaitHelper :26 - element is visible..
2022-07-19 13:07:584 INFO  WaitHelper :23 - waiting for element visibilityOf..
2022-07-19 13:07:615 INFO  WaitHelper :26 - element is visible..
2022-07-19 13:07:752 INFO  WaitHelper :23 - waiting for element visibilityOf..
2022-07-19 13:07:793 INFO  WaitHelper :26 - element is visible..
2022-07-19 13:07:898 INFO  WaitHelper :23 - waiting for element visibilityOf..
2022-07-19 13:07:927 INFO  WaitHelper :26 - element is visible..
2022-07-19 13:07:21 INFO  WaitHelper :23 - waiting for element visibilityOf..
2022-07-19 13:07:63 INFO  WaitHelper :26 - element is visible..
2022-07-19 13:07:183 INFO  WaitHelper :23 - waiting for element visibilityOf..
2022-07-19 13:07:220 INFO  WaitHelper :26 - element is visible..
2022-07-19 13:07:288 INFO  WaitHelper :23 - waiting for element visibilityOf..
2022-07-19 13:07:320 INFO  WaitHelper :26 - element is visible..
2022-07-19 13:07:622 INFO  WaitHelper :23 - waiting for element visibilityOf..
2022-07-19 13:07:655 INFO  WaitHelper :26 - element is visible..
2022-07-19 13:07:677 INFO  WaitHelper :23 - waiting for element visibilityOf..
2022-07-19 13:07:702 INFO  WaitHelper :26 - element is visible..
2022-07-19 13:07:832 INFO  WaitHelper :23 - waiting for element visibilityOf..
2022-07-19 13:07:910 INFO  WaitHelper :26 - element is visible..
2022-07-19 13:07:62 INFO  WaitHelper :23 - waiting for element visibilityOf..
2022-07-19 13:07:122 INFO  WaitHelper :26 - element is visible..
2022-07-19 13:07:253 INFO  WaitHelper :23 - waiting for element visibilityOf..
2022-07-19 13:07:296 INFO  WaitHelper :26 - element is visible..
2022-07-19 13:07:409 INFO  WaitHelper :23 - waiting for element visibilityOf..
2022-07-19 13:07:438 INFO  WaitHelper :26 - element is visible..
2022-07-19 13:07:778 INFO  WaitHelper :23 - waiting for element visibilityOf..
2022-07-19 13:07:804 INFO  WaitHelper :26 - element is visible..
2022-07-19 13:07:829 INFO  WaitHelper :23 - waiting for element visibilityOf..
2022-07-19 13:07:860 INFO  WaitHelper :26 - element is visible..
2022-07-19 13:07:884 INFO  ServiceHooks :43 - Verify if guest can search for available room, then booking and make payment is pass
2022-07-19 13:07:339 INFO  WaitHelper :23 - waiting for element visibilityOf..
2022-07-19 13:07:379 INFO  WaitHelper :26 - element is visible..
2022-07-19 13:07:456 INFO  WaitHelper :23 - waiting for element visibilityOf..
2022-07-19 13:07:15 INFO  WaitHelper :26 - element is visible..
2022-07-19 13:07:98 INFO  WaitHelper :23 - waiting for element visibilityOf..
2022-07-19 13:07:125 INFO  WaitHelper :26 - element is visible..
2022-07-19 13:07:207 INFO  WaitHelper :23 - waiting for element visibilityOf..
2022-07-19 13:07:251 INFO  WaitHelper :26 - element is visible..
2022-07-19 13:07:352 INFO  WaitHelper :23 - waiting for element visibilityOf..
2022-07-19 13:07:380 INFO  WaitHelper :26 - element is visible..
2022-07-19 13:07:545 INFO  WaitHelper :23 - waiting for element visibilityOf..
2022-07-19 13:07:613 INFO  WaitHelper :26 - element is visible..
2022-07-19 13:07:720 INFO  WaitHelper :23 - waiting for element visibilityOf..
2022-07-19 13:07:751 INFO  WaitHelper :26 - element is visible..
2022-07-19 13:07:810 INFO  WaitHelper :23 - waiting for element visibilityOf..
2022-07-19 13:07:839 INFO  WaitHelper :26 - element is visible..
2022-07-19 13:07:909 INFO  WaitHelper :23 - waiting for element visibilityOf..
2022-07-19 13:07:940 INFO  WaitHelper :26 - element is visible..
2022-07-19 13:07:436 INFO  WaitHelper :23 - waiting for element visibilityOf..
2022-07-19 13:07:465 INFO  WaitHelper :26 - element is visible..
2022-07-19 13:07:26 INFO  WaitHelper :23 - waiting for element visibilityOf..
2022-07-19 13:07:53 INFO  WaitHelper :26 - element is visible..
2022-07-19 13:07:72 INFO  WaitHelper :23 - waiting for element visibilityOf..
2022-07-19 13:07:101 INFO  WaitHelper :26 - element is visible..
2022-07-19 13:07:359 INFO  WaitHelper :23 - waiting for element visibilityOf..
2022-07-19 13:07:385 INFO  WaitHelper :26 - element is visible..
2022-07-19 13:07:415 INFO  WaitHelper :23 - waiting for element visibilityOf..
2022-07-19 13:07:472 INFO  WaitHelper :26 - element is visible..
2022-07-19 13:07:548 INFO  WaitHelper :23 - waiting for element visibilityOf..
2022-07-19 13:07:577 INFO  WaitHelper :26 - element is visible..
2022-07-19 13:07:664 INFO  WaitHelper :23 - waiting for element visibilityOf..
2022-07-19 13:07:694 INFO  WaitHelper :26 - element is visible..
2022-07-19 13:07:747 INFO  WaitHelper :23 - waiting for element visibilityOf..
2022-07-19 13:07:774 INFO  WaitHelper :26 - element is visible..
2022-07-19 13:07:79 INFO  WaitHelper :23 - waiting for element visibilityOf..
2022-07-19 13:07:105 INFO  WaitHelper :26 - element is visible..
2022-07-19 13:07:123 INFO  WaitHelper :23 - waiting for element visibilityOf..
2022-07-19 13:07:148 INFO  WaitHelper :26 - element is visible..
2022-07-19 13:07:283 INFO  WaitHelper :23 - waiting for element visibilityOf..
2022-07-19 13:07:339 INFO  WaitHelper :26 - element is visible..
2022-07-19 13:07:559 INFO  WaitHelper :23 - waiting for element visibilityOf..
2022-07-19 13:07:654 INFO  WaitHelper :26 - element is visible..
2022-07-19 13:07:126 INFO  WaitHelper :23 - waiting for element visibilityOf..
2022-07-19 13:07:161 INFO  WaitHelper :26 - element is visible..
2022-07-19 13:07:327 INFO  WaitHelper :23 - waiting for element visibilityOf..
2022-07-19 13:07:372 INFO  WaitHelper :26 - element is visible..
2022-07-19 13:07:785 INFO  WaitHelper :23 - waiting for element visibilityOf..
2022-07-19 13:07:813 INFO  WaitHelper :26 - element is visible..
2022-07-19 13:07:838 INFO  WaitHelper :23 - waiting for element visibilityOf..
2022-07-19 13:07:880 INFO  WaitHelper :26 - element is visible..
2022-07-19 13:07:903 INFO  WaitHelper :23 - waiting for element visibilityOf..
2022-07-19 13:07:932 INFO  WaitHelper :26 - element is visible..
2022-07-19 13:07:981 INFO  WaitHelper :23 - waiting for element visibilityOf..
2022-07-19 13:07:08 INFO  WaitHelper :26 - element is visible..
2022-07-19 13:07:295 INFO  WaitHelper :23 - waiting for element visibilityOf..
2022-07-19 13:07:328 INFO  WaitHelper :26 - element is visible..
2022-07-19 13:07:347 INFO  ServiceHooks :43 - Verify if customer can search for available room, then booking and make payment is pass
]]></system-out>
    <system-err><![CDATA[Starting ChromeDriver 103.0.5060.53 (a1711811edd74ff1cf2150f36ffa3b0dae40b17f-refs/branch-heads/5060@{#853}) on port 56638
Only local connections are allowed.
Please see https://chromedriver.chromium.org/security-considerations for suggestions on keeping ChromeDriver safe.
ChromeDriver was started successfully.
Jul 19, 2022 1:53:01 PM org.openqa.selenium.remote.ProtocolHandshake createSession
INFO: Detected upstream dialect: W3C
Jul 19, 2022 1:53:01 PM org.openqa.selenium.devtools.CdpVersionFinder findNearestMatch
WARNING: Unable to find an exact match for CDP version 103, so returning the closest version found: 102
Jul 19, 2022 1:53:01 PM org.openqa.selenium.devtools.CdpVersionFinder findNearestMatch
INFO: Found CDP implementation for version 103 of 102
Starting ChromeDriver 103.0.5060.53 (a1711811edd74ff1cf2150f36ffa3b0dae40b17f-refs/branch-heads/5060@{#853}) on port 59728
Only local connections are allowed.
Please see https://chromedriver.chromium.org/security-considerations for suggestions on keeping ChromeDriver safe.
ChromeDriver was started successfully.
Jul 19, 2022 1:53:29 PM org.openqa.selenium.remote.ProtocolHandshake createSession
INFO: Detected upstream dialect: W3C
Jul 19, 2022 1:53:29 PM org.openqa.selenium.devtools.CdpVersionFinder findNearestMatch
WARNING: Unable to find an exact match for CDP version 103, so returning the closest version found: 102
Jul 19, 2022 1:53:29 PM org.openqa.selenium.devtools.CdpVersionFinder findNearestMatch
INFO: Found CDP implementation for version 103 of 102
]]></system-err>
  </testcase>
  <testcase name="feature[on homepage, I can search my booking with booking number](7)" classname="com.cucumberFramework.testRunner.TestRunner" time="5.164">
    <system-out><![CDATA[2022-07-19 13:07:922 INFO  WaitHelper :23 - waiting for element visibilityOf..
2022-07-19 13:07:961 INFO  WaitHelper :26 - element is visible..
2022-07-19 13:07:26 INFO  WaitHelper :23 - waiting for element visibilityOf..
2022-07-19 13:07:64 INFO  WaitHelper :26 - element is visible..
2022-07-19 13:07:501 INFO  WaitHelper :23 - waiting for element visibilityOf..
2022-07-19 13:07:537 INFO  WaitHelper :26 - element is visible..
2022-07-19 13:07:556 INFO  ServiceHooks :43 - Verify search function on homepage when entering valid booking number is pass
]]></system-out>
    <system-err><![CDATA[Starting ChromeDriver 103.0.5060.53 (a1711811edd74ff1cf2150f36ffa3b0dae40b17f-refs/branch-heads/5060@{#853}) on port 61896
Only local connections are allowed.
Please see https://chromedriver.chromium.org/security-considerations for suggestions on keeping ChromeDriver safe.
ChromeDriver was started successfully.
Jul 19, 2022 1:53:59 PM org.openqa.selenium.remote.ProtocolHandshake createSession
INFO: Detected upstream dialect: W3C
Jul 19, 2022 1:53:59 PM org.openqa.selenium.devtools.CdpVersionFinder findNearestMatch
WARNING: Unable to find an exact match for CDP version 103, so returning the closest version found: 102
Jul 19, 2022 1:53:59 PM org.openqa.selenium.devtools.CdpVersionFinder findNearestMatch
INFO: Found CDP implementation for version 103 of 102
]]></system-err>
  </testcase>
</testsuite>