<?xml version="1.0" encoding="UTF-8"?>
<!-- Generated by org.testng.reporters.JUnitReportReporter -->
<testsuite skipped="0" hostname="DD-HUONGTHT1" name="com.cucumberFramework.testRunner.TestRunner" tests="1" failures="0" timestamp="2022-07-19T14:10:09 ICT" time="13.339" errors="0">
  <testcase name="feature" time="13.339" classname="com.cucumberFramework.testRunner.TestRunner"/>
  <system-out/>
</testsuite> <!-- com.cucumberFramework.testRunner.TestRunner -->
