<?xml version="1.0" encoding="UTF-8"?>
<!-- Generated by org.testng.reporters.JUnitReportReporter -->
<testsuite skipped="0" hostname="DD-HUONGTHT1" name="com.cucumberFramework.testRunner.TestRunner" tests="7" failures="0" timestamp="2022-07-19T13:54:03 ICT" time="154.011" errors="0">
  <testcase name="feature" time="58.154" classname="com.cucumberFramework.testRunner.TestRunner"/>
  <system-out/>
  <testcase name="feature" time="13.649" classname="com.cucumberFramework.testRunner.TestRunner"/>
  <system-out/>
  <testcase name="feature" time="10.649" classname="com.cucumberFramework.testRunner.TestRunner"/>
  <system-out/>
  <testcase name="feature" time="10.564" classname="com.cucumberFramework.testRunner.TestRunner"/>
  <system-out/>
  <testcase name="feature" time="38.882" classname="com.cucumberFramework.testRunner.TestRunner"/>
  <system-out/>
  <testcase name="feature" time="16.934" classname="com.cucumberFramework.testRunner.TestRunner"/>
  <system-out/>
  <testcase name="feature" time="5.179" classname="com.cucumberFramework.testRunner.TestRunner"/>
  <system-out/>
</testsuite> <!-- com.cucumberFramework.testRunner.TestRunner -->
