<?xml version="1.0" encoding="UTF-8"?>
<!-- Generated by org.testng.reporters.JUnitReportReporter -->
<testsuite skipped="0" hostname="DD-HUONGTHT1" name="com.cucumberFramework.testRunner.TestRunner" tests="7" failures="0" timestamp="2022-07-19T14:45:49 ICT" time="155.317" errors="0">
  <testcase name="feature" time="41.288" classname="com.cucumberFramework.testRunner.TestRunner"/>
  <system-out/>
  <testcase name="feature" time="9.962" classname="com.cucumberFramework.testRunner.TestRunner"/>
  <system-out/>
  <testcase name="feature" time="57.461" classname="com.cucumberFramework.testRunner.TestRunner"/>
  <system-out/>
  <testcase name="feature" time="16.570" classname="com.cucumberFramework.testRunner.TestRunner"/>
  <system-out/>
  <testcase name="feature" time="5.932" classname="com.cucumberFramework.testRunner.TestRunner"/>
  <system-out/>
  <testcase name="feature" time="13.294" classname="com.cucumberFramework.testRunner.TestRunner"/>
  <system-out/>
  <testcase name="feature" time="10.810" classname="com.cucumberFramework.testRunner.TestRunner"/>
  <system-out/>
</testsuite> <!-- com.cucumberFramework.testRunner.TestRunner -->
